---------------------------------------------------------------
[ 2019-04-08T21:29:01+08:00 ] 127.0.0.1 127.0.0.1 GET /public/static/admin/bootstrap-3.3.0-dist/dist/css/bootstrap.min.css
[ info ] www.mytp5_blog.com/public/static/admin/bootstrap-3.3.0-dist/dist/css/bootstrap.min.css [运行时间：0.083361s][吞吐率：12.00req/s] [内存消耗：303.15kb] [文件加载：45]
[ info ] [ LANG ] E:\wamp64\www\tp5_blog\thinkphp\lang\zh-cn.php
[ info ] [ ROUTE ] array (
  'type' => 'module',
  'module' => 
  array (
    0 => 'public',
    1 => 'static',
    2 => 'admin',
  ),
)
[ info ] [ HEADER ] array (
  'host' => 'www.mytp5_blog.com',
  'connection' => 'keep-alive',
  'cache-control' => 'max-age=0',
  'upgrade-insecure-requests' => '1',
  'user-agent' => 'Mozilla/5.0 (Windows NT 10.0; Win64; x64) AppleWebKit/537.36 (KHTML, like Gecko) Chrome/72.0.3626.121 Safari/537.36',
  'accept' => 'text/html,application/xhtml+xml,application/xml;q=0.9,image/webp,image/apng,*/*;q=0.8',
  'accept-encoding' => 'gzip, deflate',
  'accept-language' => 'zh-CN,zh;q=0.9',
  'cookie' => 'thinkphp_show_page_trace=0|0; thinkphp_show_page_trace=0|0; PHPSESSID=8o65srunqsvk8fp375cmd1lncj',
)
[ info ] [ PARAM ] array (
  'dist' => 'dist',
  'css' => 'bootstrap.min.css',
)
[ info ] [ LOG ] INIT File
---------------------------------------------------------------
[ 2019-04-08T21:29:32+08:00 ] 127.0.0.1 127.0.0.1 GET /public/static/admin/bootstrap-3.3.0-dist/dist/css/bootstrap.min.css
[ info ] www.mytp5_blog.com/public/static/admin/bootstrap-3.3.0-dist/dist/css/bootstrap.min.css [运行时间：0.023857s][吞吐率：41.92req/s] [内存消耗：303.13kb] [文件加载：45]
[ info ] [ LANG ] E:\wamp64\www\tp5_blog\thinkphp\lang\zh-cn.php
[ info ] [ ROUTE ] array (
  'type' => 'module',
  'module' => 
  array (
    0 => 'public',
    1 => 'static',
    2 => 'admin',
  ),
)
[ info ] [ HEADER ] array (
  'host' => 'www.mytp5_blog.com',
  'connection' => 'keep-alive',
  'cache-control' => 'max-age=0',
  'upgrade-insecure-requests' => '1',
  'user-agent' => 'Mozilla/5.0 (Windows NT 10.0; Win64; x64) AppleWebKit/537.36 (KHTML, like Gecko) Chrome/72.0.3626.121 Safari/537.36',
  'accept' => 'text/html,application/xhtml+xml,application/xml;q=0.9,image/webp,image/apng,*/*;q=0.8',
  'accept-encoding' => 'gzip, deflate',
  'accept-language' => 'zh-CN,zh;q=0.9',
  'cookie' => 'thinkphp_show_page_trace=0|0; thinkphp_show_page_trace=0|0; PHPSESSID=8o65srunqsvk8fp375cmd1lncj',
)
[ info ] [ PARAM ] array (
  'dist' => 'dist',
  'css' => 'bootstrap.min.css',
)
[ info ] [ LOG ] INIT File
---------------------------------------------------------------
[ 2019-04-08T21:29:37+08:00 ] 127.0.0.1 127.0.0.1 GET /admin/login/login.html
[ info ] www.mytp5_blog.com/admin/login/login.html [运行时间：0.031592s][吞吐率：31.65req/s] [内存消耗：355.79kb] [文件加载：55]
[ info ] [ LANG ] E:\wamp64\www\tp5_blog\thinkphp\lang\zh-cn.php
[ info ] [ ROUTE ] array (
  'type' => 'module',
  'module' => 
  array (
    0 => 'admin',
    1 => 'login',
    2 => 'login',
  ),
)
[ info ] [ HEADER ] array (
  'host' => 'www.mytp5_blog.com',
  'connection' => 'keep-alive',
  'cache-control' => 'max-age=0',
  'upgrade-insecure-requests' => '1',
  'user-agent' => 'Mozilla/5.0 (Windows NT 10.0; Win64; x64) AppleWebKit/537.36 (KHTML, like Gecko) Chrome/72.0.3626.121 Safari/537.36',
  'accept' => 'text/html,application/xhtml+xml,application/xml;q=0.9,image/webp,image/apng,*/*;q=0.8',
  'accept-encoding' => 'gzip, deflate',
  'accept-language' => 'zh-CN,zh;q=0.9',
  'cookie' => 'thinkphp_show_page_trace=0|0; thinkphp_show_page_trace=0|0; PHPSESSID=8o65srunqsvk8fp375cmd1lncj',
)
[ info ] [ PARAM ] array (
)
[ info ] [ RUN ] app\admin\controller\Login->login[ E:\wamp64\www\tp5_blog\application\admin\controller\Login.php ]
[ info ] [ VIEW ] E:\wamp64\www\tp5_blog\public/../application/admin\view\login\login.html [ array (
) ]
[ info ] [ LOG ] INIT File
---------------------------------------------------------------
[ 2019-04-08T21:29:37+08:00 ] 127.0.0.1 127.0.0.1 GET /public/static/admin/admin.ui/css/animate.css
[ info ] www.mytp5_blog.com/public/static/admin/admin.ui/css/animate.css [运行时间：0.020856s][吞吐率：47.95req/s] [内存消耗：302.27kb] [文件加载：45]
[ info ] [ LANG ] E:\wamp64\www\tp5_blog\thinkphp\lang\zh-cn.php
[ info ] [ ROUTE ] array (
  'type' => 'module',
  'module' => 
  array (
    0 => 'public',
    1 => 'static',
    2 => 'admin',
  ),
)
[ info ] [ HEADER ] array (
  'host' => 'www.mytp5_blog.com',
  'connection' => 'keep-alive',
  'user-agent' => 'Mozilla/5.0 (Windows NT 10.0; Win64; x64) AppleWebKit/537.36 (KHTML, like Gecko) Chrome/72.0.3626.121 Safari/537.36',
  'accept' => 'text/css,*/*;q=0.1',
  'referer' => 'http://www.mytp5_blog.com/admin/login/login.html',
  'accept-encoding' => 'gzip, deflate',
  'accept-language' => 'zh-CN,zh;q=0.9',
  'cookie' => 'thinkphp_show_page_trace=0|0; PHPSESSID=8o65srunqsvk8fp375cmd1lncj',
)
[ info ] [ PARAM ] array (
  'ui' => 'css',
)
[ info ] [ LOG ] INIT File
---------------------------------------------------------------
[ 2019-04-08T21:29:37+08:00 ] 127.0.0.1 127.0.0.1 GET /public/static/admin/admin.ui/css/app.css
[ info ] www.mytp5_blog.com/public/static/admin/admin.ui/css/app.css [运行时间：0.023078s][吞吐率：43.33req/s] [内存消耗：302.27kb] [文件加载：45]
[ info ] [ LANG ] E:\wamp64\www\tp5_blog\thinkphp\lang\zh-cn.php
[ info ] [ ROUTE ] array (
  'type' => 'module',
  'module' => 
  array (
    0 => 'public',
    1 => 'static',
    2 => 'admin',
  ),
)
[ info ] [ HEADER ] array (
  'host' => 'www.mytp5_blog.com',
  'connection' => 'keep-alive',
  'user-agent' => 'Mozilla/5.0 (Windows NT 10.0; Win64; x64) AppleWebKit/537.36 (KHTML, like Gecko) Chrome/72.0.3626.121 Safari/537.36',
  'accept' => 'text/css,*/*;q=0.1',
  'referer' => 'http://www.mytp5_blog.com/admin/login/login.html',
  'accept-encoding' => 'gzip, deflate',
  'accept-language' => 'zh-CN,zh;q=0.9',
  'cookie' => 'thinkphp_show_page_trace=0|0; PHPSESSID=8o65srunqsvk8fp375cmd1lncj',
)
[ info ] [ PARAM ] array (
  'ui' => 'css',
)
[ info ] [ LOG ] INIT File
---------------------------------------------------------------
[ 2019-04-08T21:29:37+08:00 ] 127.0.0.1 127.0.0.1 GET /public/static/admin/admin.ui/js/bootstrap.js
[ info ] www.mytp5_blog.com/public/static/admin/admin.ui/js/bootstrap.js [运行时间：0.023450s][吞吐率：42.64req/s] [内存消耗：302.13kb] [文件加载：45]
[ info ] [ LANG ] E:\wamp64\www\tp5_blog\thinkphp\lang\zh-cn.php
[ info ] [ ROUTE ] array (
  'type' => 'module',
  'module' => 
  array (
    0 => 'public',
    1 => 'static',
    2 => 'admin',
  ),
)
[ info ] [ HEADER ] array (
  'host' => 'www.mytp5_blog.com',
  'connection' => 'keep-alive',
  'user-agent' => 'Mozilla/5.0 (Windows NT 10.0; Win64; x64) AppleWebKit/537.36 (KHTML, like Gecko) Chrome/72.0.3626.121 Safari/537.36',
  'accept' => '*/*',
  'referer' => 'http://www.mytp5_blog.com/admin/login/login.html',
  'accept-encoding' => 'gzip, deflate',
  'accept-language' => 'zh-CN,zh;q=0.9',
  'cookie' => 'thinkphp_show_page_trace=0|0; PHPSESSID=8o65srunqsvk8fp375cmd1lncj',
)
[ info ] [ PARAM ] array (
  'ui' => 'js',
)
[ info ] [ LOG ] INIT File
---------------------------------------------------------------
[ 2019-04-08T21:29:37+08:00 ] 127.0.0.1 127.0.0.1 GET /public/static/admin/admin.ui/js/app.plugin.js
[ info ] www.mytp5_blog.com/public/static/admin/admin.ui/js/app.plugin.js [运行时间：0.023874s][吞吐率：41.89req/s] [内存消耗：302.13kb] [文件加载：45]
[ info ] [ LANG ] E:\wamp64\www\tp5_blog\thinkphp\lang\zh-cn.php
[ info ] [ ROUTE ] array (
  'type' => 'module',
  'module' => 
  array (
    0 => 'public',
    1 => 'static',
    2 => 'admin',
  ),
)
[ info ] [ HEADER ] array (
  'host' => 'www.mytp5_blog.com',
  'connection' => 'keep-alive',
  'user-agent' => 'Mozilla/5.0 (Windows NT 10.0; Win64; x64) AppleWebKit/537.36 (KHTML, like Gecko) Chrome/72.0.3626.121 Safari/537.36',
  'accept' => '*/*',
  'referer' => 'http://www.mytp5_blog.com/admin/login/login.html',
  'accept-encoding' => 'gzip, deflate',
  'accept-language' => 'zh-CN,zh;q=0.9',
  'cookie' => 'thinkphp_show_page_trace=0|0; PHPSESSID=8o65srunqsvk8fp375cmd1lncj',
)
[ info ] [ PARAM ] array (
  'ui' => 'js',
)
[ info ] [ LOG ] INIT File
---------------------------------------------------------------
[ 2019-04-08T21:29:37+08:00 ] 127.0.0.1 127.0.0.1 GET /public/static/admin/bootstrap-3.3.0-dist/dist/css/bootstrap.min.css
[ info ] www.mytp5_blog.com/public/static/admin/bootstrap-3.3.0-dist/dist/css/bootstrap.min.css [运行时间：0.028056s][吞吐率：35.64req/s] [内存消耗：302.45kb] [文件加载：45]
[ info ] [ LANG ] E:\wamp64\www\tp5_blog\thinkphp\lang\zh-cn.php
[ info ] [ ROUTE ] array (
  'type' => 'module',
  'module' => 
  array (
    0 => 'public',
    1 => 'static',
    2 => 'admin',
  ),
)
[ info ] [ HEADER ] array (
  'host' => 'www.mytp5_blog.com',
  'connection' => 'keep-alive',
  'user-agent' => 'Mozilla/5.0 (Windows NT 10.0; Win64; x64) AppleWebKit/537.36 (KHTML, like Gecko) Chrome/72.0.3626.121 Safari/537.36',
  'accept' => 'text/css,*/*;q=0.1',
  'referer' => 'http://www.mytp5_blog.com/admin/login/login.html',
  'accept-encoding' => 'gzip, deflate',
  'accept-language' => 'zh-CN,zh;q=0.9',
  'cookie' => 'thinkphp_show_page_trace=0|0; thinkphp_show_page_trace=0|0; PHPSESSID=8o65srunqsvk8fp375cmd1lncj',
)
[ info ] [ PARAM ] array (
  'dist' => 'dist',
  'css' => 'bootstrap.min.css',
)
[ info ] [ LOG ] INIT File
---------------------------------------------------------------
[ 2019-04-08T21:29:37+08:00 ] 127.0.0.1 127.0.0.1 GET /public/static/admin/admin.ui/js/jquery.min.js
[ info ] www.mytp5_blog.com/public/static/admin/admin.ui/js/jquery.min.js [运行时间：0.028202s][吞吐率：35.46req/s] [内存消耗：302.13kb] [文件加载：45]
[ info ] [ LANG ] E:\wamp64\www\tp5_blog\thinkphp\lang\zh-cn.php
[ info ] [ ROUTE ] array (
  'type' => 'module',
  'module' => 
  array (
    0 => 'public',
    1 => 'static',
    2 => 'admin',
  ),
)
[ info ] [ HEADER ] array (
  'host' => 'www.mytp5_blog.com',
  'connection' => 'keep-alive',
  'user-agent' => 'Mozilla/5.0 (Windows NT 10.0; Win64; x64) AppleWebKit/537.36 (KHTML, like Gecko) Chrome/72.0.3626.121 Safari/537.36',
  'accept' => '*/*',
  'referer' => 'http://www.mytp5_blog.com/admin/login/login.html',
  'accept-encoding' => 'gzip, deflate',
  'accept-language' => 'zh-CN,zh;q=0.9',
  'cookie' => 'thinkphp_show_page_trace=0|0; PHPSESSID=8o65srunqsvk8fp375cmd1lncj',
)
[ info ] [ PARAM ] array (
  'ui' => 'js',
)
[ info ] [ LOG ] INIT File
---------------------------------------------------------------
[ 2019-04-08T21:29:37+08:00 ] 127.0.0.1 127.0.0.1 GET /captcha.html
[ info ] www.mytp5_blog.com/captcha.html [运行时间：0.070752s][吞吐率：14.13req/s] [内存消耗：318.02kb] [文件加载：41]
[ info ] [ LANG ] E:\wamp64\www\tp5_blog\thinkphp\lang\zh-cn.php
[ info ] [ ROUTE ] array (
  'type' => 'method',
  'method' => 
  array (
    0 => '\\think\\captcha\\CaptchaController',
    1 => 'index',
  ),
  'var' => 
  array (
  ),
)
[ info ] [ HEADER ] array (
  'host' => 'www.mytp5_blog.com',
  'connection' => 'keep-alive',
  'user-agent' => 'Mozilla/5.0 (Windows NT 10.0; Win64; x64) AppleWebKit/537.36 (KHTML, like Gecko) Chrome/72.0.3626.121 Safari/537.36',
  'accept' => 'image/webp,image/apng,image/*,*/*;q=0.8',
  'referer' => 'http://www.mytp5_blog.com/admin/login/login.html',
  'accept-encoding' => 'gzip, deflate',
  'accept-language' => 'zh-CN,zh;q=0.9',
  'cookie' => 'thinkphp_show_page_trace=0|0; PHPSESSID=8o65srunqsvk8fp375cmd1lncj',
)
[ info ] [ PARAM ] array (
  'id' => NULL,
)
[ info ] [ RUN ] think\captcha\CaptchaController->index[ E:\wamp64\www\tp5_blog\vendor\topthink\think-captcha\src\CaptchaController.php ]
[ info ] [ SESSION ] INIT array (
  'id' => '',
  'var_session_id' => '',
  'prefix' => 'think',
  'type' => '',
  'auto_start' => true,
)
[ info ] [ LOG ] INIT File
---------------------------------------------------------------
[ 2019-04-08T21:29:38+08:00 ] 127.0.0.1 127.0.0.1 GET /public/static/admin/admin.ui/js/bootstrap.js
[ info ] www.mytp5_blog.com/public/static/admin/admin.ui/js/bootstrap.js [运行时间：0.026503s][吞吐率：37.73req/s] [内存消耗：302.13kb] [文件加载：45]
[ info ] [ LANG ] E:\wamp64\www\tp5_blog\thinkphp\lang\zh-cn.php
[ info ] [ ROUTE ] array (
  'type' => 'module',
  'module' => 
  array (
    0 => 'public',
    1 => 'static',
    2 => 'admin',
  ),
)
[ info ] [ HEADER ] array (
  'host' => 'www.mytp5_blog.com',
  'connection' => 'keep-alive',
  'user-agent' => 'Mozilla/5.0 (Windows NT 10.0; Win64; x64) AppleWebKit/537.36 (KHTML, like Gecko) Chrome/72.0.3626.121 Safari/537.36',
  'accept' => '*/*',
  'referer' => 'http://www.mytp5_blog.com/admin/login/login.html',
  'accept-encoding' => 'gzip, deflate',
  'accept-language' => 'zh-CN,zh;q=0.9',
  'cookie' => 'thinkphp_show_page_trace=0|0; PHPSESSID=8o65srunqsvk8fp375cmd1lncj',
)
[ info ] [ PARAM ] array (
  'ui' => 'js',
)
[ info ] [ LOG ] INIT File
---------------------------------------------------------------
[ 2019-04-08T21:29:38+08:00 ] 127.0.0.1 127.0.0.1 GET /public/static/admin/admin.ui/js/app.js
[ info ] www.mytp5_blog.com/public/static/admin/admin.ui/js/app.js [运行时间：0.059457s][吞吐率：16.82req/s] [内存消耗：302.12kb] [文件加载：45]
[ info ] [ LANG ] E:\wamp64\www\tp5_blog\thinkphp\lang\zh-cn.php
[ info ] [ ROUTE ] array (
  'type' => 'module',
  'module' => 
  array (
    0 => 'public',
    1 => 'static',
    2 => 'admin',
  ),
)
[ info ] [ HEADER ] array (
  'host' => 'www.mytp5_blog.com',
  'connection' => 'keep-alive',
  'user-agent' => 'Mozilla/5.0 (Windows NT 10.0; Win64; x64) AppleWebKit/537.36 (KHTML, like Gecko) Chrome/72.0.3626.121 Safari/537.36',
  'accept' => '*/*',
  'referer' => 'http://www.mytp5_blog.com/admin/login/login.html',
  'accept-encoding' => 'gzip, deflate',
  'accept-language' => 'zh-CN,zh;q=0.9',
  'cookie' => 'thinkphp_show_page_trace=0|0; PHPSESSID=8o65srunqsvk8fp375cmd1lncj',
)
[ info ] [ PARAM ] array (
  'ui' => 'js',
)
[ info ] [ LOG ] INIT File
---------------------------------------------------------------
[ 2019-04-08T21:29:38+08:00 ] 127.0.0.1 127.0.0.1 GET /public/static/admin/admin.ui/js/app.js
[ info ] www.mytp5_blog.com/public/static/admin/admin.ui/js/app.js [运行时间：0.015527s][吞吐率：64.40req/s] [内存消耗：302.12kb] [文件加载：45]
[ info ] [ LANG ] E:\wamp64\www\tp5_blog\thinkphp\lang\zh-cn.php
[ info ] [ ROUTE ] array (
  'type' => 'module',
  'module' => 
  array (
    0 => 'public',
    1 => 'static',
    2 => 'admin',
  ),
)
[ info ] [ HEADER ] array (
  'host' => 'www.mytp5_blog.com',
  'connection' => 'keep-alive',
  'user-agent' => 'Mozilla/5.0 (Windows NT 10.0; Win64; x64) AppleWebKit/537.36 (KHTML, like Gecko) Chrome/72.0.3626.121 Safari/537.36',
  'accept' => '*/*',
  'referer' => 'http://www.mytp5_blog.com/admin/login/login.html',
  'accept-encoding' => 'gzip, deflate',
  'accept-language' => 'zh-CN,zh;q=0.9',
  'cookie' => 'thinkphp_show_page_trace=0|0; PHPSESSID=8o65srunqsvk8fp375cmd1lncj',
)
[ info ] [ PARAM ] array (
  'ui' => 'js',
)
[ info ] [ LOG ] INIT File
---------------------------------------------------------------
[ 2019-04-08T21:29:38+08:00 ] 127.0.0.1 127.0.0.1 GET /public/static/admin/admin.ui/js/app.plugin.js
[ info ] www.mytp5_blog.com/public/static/admin/admin.ui/js/app.plugin.js [运行时间：0.022489s][吞吐率：44.47req/s] [内存消耗：302.13kb] [文件加载：45]
[ info ] [ LANG ] E:\wamp64\www\tp5_blog\thinkphp\lang\zh-cn.php
[ info ] [ ROUTE ] array (
  'type' => 'module',
  'module' => 
  array (
    0 => 'public',
    1 => 'static',
    2 => 'admin',
  ),
)
[ info ] [ HEADER ] array (
  'host' => 'www.mytp5_blog.com',
  'connection' => 'keep-alive',
  'user-agent' => 'Mozilla/5.0 (Windows NT 10.0; Win64; x64) AppleWebKit/537.36 (KHTML, like Gecko) Chrome/72.0.3626.121 Safari/537.36',
  'accept' => '*/*',
  'referer' => 'http://www.mytp5_blog.com/admin/login/login.html',
  'accept-encoding' => 'gzip, deflate',
  'accept-language' => 'zh-CN,zh;q=0.9',
  'cookie' => 'thinkphp_show_page_trace=0|0; PHPSESSID=8o65srunqsvk8fp375cmd1lncj',
)
[ info ] [ PARAM ] array (
  'ui' => 'js',
)
[ info ] [ LOG ] INIT File
---------------------------------------------------------------
[ 2019-04-08T21:29:44+08:00 ] 127.0.0.1 127.0.0.1 GET /admin/login/login.html
[ info ] www.mytp5_blog.com/admin/login/login.html [运行时间：0.027138s][吞吐率：36.85req/s] [内存消耗：346.66kb] [文件加载：53]
[ info ] [ LANG ] E:\wamp64\www\tp5_blog\thinkphp\lang\zh-cn.php
[ info ] [ ROUTE ] array (
  'type' => 'module',
  'module' => 
  array (
    0 => 'admin',
    1 => 'login',
    2 => 'login',
  ),
)
[ info ] [ HEADER ] array (
  'host' => 'www.mytp5_blog.com',
  'connection' => 'keep-alive',
  'cache-control' => 'max-age=0',
  'upgrade-insecure-requests' => '1',
  'user-agent' => 'Mozilla/5.0 (Windows NT 10.0; Win64; x64) AppleWebKit/537.36 (KHTML, like Gecko) Chrome/72.0.3626.121 Safari/537.36',
  'accept' => 'text/html,application/xhtml+xml,application/xml;q=0.9,image/webp,image/apng,*/*;q=0.8',
  'accept-encoding' => 'gzip, deflate',
  'accept-language' => 'zh-CN,zh;q=0.9',
  'cookie' => 'thinkphp_show_page_trace=0|0; thinkphp_show_page_trace=0|0; PHPSESSID=8o65srunqsvk8fp375cmd1lncj',
)
[ info ] [ PARAM ] array (
)
[ info ] [ RUN ] app\admin\controller\Login->login[ E:\wamp64\www\tp5_blog\application\admin\controller\Login.php ]
[ info ] [ VIEW ] E:\wamp64\www\tp5_blog\public/../application/admin\view\login\login.html [ array (
) ]
[ info ] [ LOG ] INIT File
---------------------------------------------------------------
[ 2019-04-08T21:29:44+08:00 ] 127.0.0.1 127.0.0.1 GET /public/static/admin/admin.ui/css/animate.css
[ info ] www.mytp5_blog.com/public/static/admin/admin.ui/css/animate.css [运行时间：0.020421s][吞吐率：48.97req/s] [内存消耗：302.27kb] [文件加载：45]
[ info ] [ LANG ] E:\wamp64\www\tp5_blog\thinkphp\lang\zh-cn.php
[ info ] [ ROUTE ] array (
  'type' => 'module',
  'module' => 
  array (
    0 => 'public',
    1 => 'static',
    2 => 'admin',
  ),
)
[ info ] [ HEADER ] array (
  'host' => 'www.mytp5_blog.com',
  'connection' => 'keep-alive',
  'user-agent' => 'Mozilla/5.0 (Windows NT 10.0; Win64; x64) AppleWebKit/537.36 (KHTML, like Gecko) Chrome/72.0.3626.121 Safari/537.36',
  'accept' => 'text/css,*/*;q=0.1',
  'referer' => 'http://www.mytp5_blog.com/admin/login/login.html',
  'accept-encoding' => 'gzip, deflate',
  'accept-language' => 'zh-CN,zh;q=0.9',
  'cookie' => 'thinkphp_show_page_trace=0|0; PHPSESSID=8o65srunqsvk8fp375cmd1lncj',
)
[ info ] [ PARAM ] array (
  'ui' => 'css',
)
[ info ] [ LOG ] INIT File
---------------------------------------------------------------
[ 2019-04-08T21:29:44+08:00 ] 127.0.0.1 127.0.0.1 GET /public/static/admin/admin.ui/css/app.css
[ info ] www.mytp5_blog.com/public/static/admin/admin.ui/css/app.css [运行时间：0.015881s][吞吐率：62.97req/s] [内存消耗：302.27kb] [文件加载：45]
[ info ] [ LANG ] E:\wamp64\www\tp5_blog\thinkphp\lang\zh-cn.php
[ info ] [ ROUTE ] array (
  'type' => 'module',
  'module' => 
  array (
    0 => 'public',
    1 => 'static',
    2 => 'admin',
  ),
)
[ info ] [ HEADER ] array (
  'host' => 'www.mytp5_blog.com',
  'connection' => 'keep-alive',
  'user-agent' => 'Mozilla/5.0 (Windows NT 10.0; Win64; x64) AppleWebKit/537.36 (KHTML, like Gecko) Chrome/72.0.3626.121 Safari/537.36',
  'accept' => 'text/css,*/*;q=0.1',
  'referer' => 'http://www.mytp5_blog.com/admin/login/login.html',
  'accept-encoding' => 'gzip, deflate',
  'accept-language' => 'zh-CN,zh;q=0.9',
  'cookie' => 'thinkphp_show_page_trace=0|0; PHPSESSID=8o65srunqsvk8fp375cmd1lncj',
)
[ info ] [ PARAM ] array (
  'ui' => 'css',
)
[ info ] [ LOG ] INIT File
---------------------------------------------------------------
[ 2019-04-08T21:29:44+08:00 ] 127.0.0.1 127.0.0.1 GET /public/static/admin/admin.ui/js/jquery.min.js
[ info ] www.mytp5_blog.com/public/static/admin/admin.ui/js/jquery.min.js [运行时间：0.017446s][吞吐率：57.32req/s] [内存消耗：302.13kb] [文件加载：45]
[ info ] [ LANG ] E:\wamp64\www\tp5_blog\thinkphp\lang\zh-cn.php
[ info ] [ ROUTE ] array (
  'type' => 'module',
  'module' => 
  array (
    0 => 'public',
    1 => 'static',
    2 => 'admin',
  ),
)
[ info ] [ HEADER ] array (
  'host' => 'www.mytp5_blog.com',
  'connection' => 'keep-alive',
  'user-agent' => 'Mozilla/5.0 (Windows NT 10.0; Win64; x64) AppleWebKit/537.36 (KHTML, like Gecko) Chrome/72.0.3626.121 Safari/537.36',
  'accept' => '*/*',
  'referer' => 'http://www.mytp5_blog.com/admin/login/login.html',
  'accept-encoding' => 'gzip, deflate',
  'accept-language' => 'zh-CN,zh;q=0.9',
  'cookie' => 'thinkphp_show_page_trace=0|0; PHPSESSID=8o65srunqsvk8fp375cmd1lncj',
)
[ info ] [ PARAM ] array (
  'ui' => 'js',
)
[ info ] [ LOG ] INIT File
---------------------------------------------------------------
[ 2019-04-08T21:29:44+08:00 ] 127.0.0.1 127.0.0.1 GET /captcha.html
[ info ] www.mytp5_blog.com/captcha.html [运行时间：0.038628s][吞吐率：25.89req/s] [内存消耗：318.02kb] [文件加载：41]
[ info ] [ LANG ] E:\wamp64\www\tp5_blog\thinkphp\lang\zh-cn.php
[ info ] [ ROUTE ] array (
  'type' => 'method',
  'method' => 
  array (
    0 => '\\think\\captcha\\CaptchaController',
    1 => 'index',
  ),
  'var' => 
  array (
  ),
)
[ info ] [ HEADER ] array (
  'host' => 'www.mytp5_blog.com',
  'connection' => 'keep-alive',
  'user-agent' => 'Mozilla/5.0 (Windows NT 10.0; Win64; x64) AppleWebKit/537.36 (KHTML, like Gecko) Chrome/72.0.3626.121 Safari/537.36',
  'accept' => 'image/webp,image/apng,image/*,*/*;q=0.8',
  'referer' => 'http://www.mytp5_blog.com/admin/login/login.html',
  'accept-encoding' => 'gzip, deflate',
  'accept-language' => 'zh-CN,zh;q=0.9',
  'cookie' => 'thinkphp_show_page_trace=0|0; PHPSESSID=8o65srunqsvk8fp375cmd1lncj',
)
[ info ] [ PARAM ] array (
  'id' => NULL,
)
[ info ] [ RUN ] think\captcha\CaptchaController->index[ E:\wamp64\www\tp5_blog\vendor\topthink\think-captcha\src\CaptchaController.php ]
[ info ] [ SESSION ] INIT array (
  'id' => '',
  'var_session_id' => '',
  'prefix' => 'think',
  'type' => '',
  'auto_start' => true,
)
[ info ] [ LOG ] INIT File
---------------------------------------------------------------
[ 2019-04-08T21:29:44+08:00 ] 127.0.0.1 127.0.0.1 GET /public/static/admin/bootstrap-3.3.0-dist/dist/css/bootstrap.min.css
[ info ] www.mytp5_blog.com/public/static/admin/bootstrap-3.3.0-dist/dist/css/bootstrap.min.css [运行时间：0.045767s][吞吐率：21.85req/s] [内存消耗：302.45kb] [文件加载：45]
[ info ] [ LANG ] E:\wamp64\www\tp5_blog\thinkphp\lang\zh-cn.php
[ info ] [ ROUTE ] array (
  'type' => 'module',
  'module' => 
  array (
    0 => 'public',
    1 => 'static',
    2 => 'admin',
  ),
)
[ info ] [ HEADER ] array (
  'host' => 'www.mytp5_blog.com',
  'connection' => 'keep-alive',
  'user-agent' => 'Mozilla/5.0 (Windows NT 10.0; Win64; x64) AppleWebKit/537.36 (KHTML, like Gecko) Chrome/72.0.3626.121 Safari/537.36',
  'accept' => 'text/css,*/*;q=0.1',
  'referer' => 'http://www.mytp5_blog.com/admin/login/login.html',
  'accept-encoding' => 'gzip, deflate',
  'accept-language' => 'zh-CN,zh;q=0.9',
  'cookie' => 'thinkphp_show_page_trace=0|0; thinkphp_show_page_trace=0|0; PHPSESSID=8o65srunqsvk8fp375cmd1lncj',
)
[ info ] [ PARAM ] array (
  'dist' => 'dist',
  'css' => 'bootstrap.min.css',
)
[ info ] [ LOG ] INIT File
---------------------------------------------------------------
[ 2019-04-08T21:29:44+08:00 ] 127.0.0.1 127.0.0.1 GET /public/static/admin/admin.ui/js/bootstrap.js
[ info ] www.mytp5_blog.com/public/static/admin/admin.ui/js/bootstrap.js [运行时间：0.058379s][吞吐率：17.13req/s] [内存消耗：302.13kb] [文件加载：45]
[ info ] [ LANG ] E:\wamp64\www\tp5_blog\thinkphp\lang\zh-cn.php
[ info ] [ ROUTE ] array (
  'type' => 'module',
  'module' => 
  array (
    0 => 'public',
    1 => 'static',
    2 => 'admin',
  ),
)
[ info ] [ HEADER ] array (
  'host' => 'www.mytp5_blog.com',
  'connection' => 'keep-alive',
  'user-agent' => 'Mozilla/5.0 (Windows NT 10.0; Win64; x64) AppleWebKit/537.36 (KHTML, like Gecko) Chrome/72.0.3626.121 Safari/537.36',
  'accept' => '*/*',
  'referer' => 'http://www.mytp5_blog.com/admin/login/login.html',
  'accept-encoding' => 'gzip, deflate',
  'accept-language' => 'zh-CN,zh;q=0.9',
  'cookie' => 'thinkphp_show_page_trace=0|0; PHPSESSID=8o65srunqsvk8fp375cmd1lncj',
)
[ info ] [ PARAM ] array (
  'ui' => 'js',
)
[ info ] [ LOG ] INIT File
---------------------------------------------------------------
[ 2019-04-08T21:29:44+08:00 ] 127.0.0.1 127.0.0.1 GET /public/static/admin/admin.ui/js/app.js
[ info ] www.mytp5_blog.com/public/static/admin/admin.ui/js/app.js [运行时间：0.015666s][吞吐率：63.83req/s] [内存消耗：302.12kb] [文件加载：45]
[ info ] [ LANG ] E:\wamp64\www\tp5_blog\thinkphp\lang\zh-cn.php
[ info ] [ ROUTE ] array (
  'type' => 'module',
  'module' => 
  array (
    0 => 'public',
    1 => 'static',
    2 => 'admin',
  ),
)
[ info ] [ HEADER ] array (
  'host' => 'www.mytp5_blog.com',
  'connection' => 'keep-alive',
  'user-agent' => 'Mozilla/5.0 (Windows NT 10.0; Win64; x64) AppleWebKit/537.36 (KHTML, like Gecko) Chrome/72.0.3626.121 Safari/537.36',
  'accept' => '*/*',
  'referer' => 'http://www.mytp5_blog.com/admin/login/login.html',
  'accept-encoding' => 'gzip, deflate',
  'accept-language' => 'zh-CN,zh;q=0.9',
  'cookie' => 'thinkphp_show_page_trace=0|0; PHPSESSID=8o65srunqsvk8fp375cmd1lncj',
)
[ info ] [ PARAM ] array (
  'ui' => 'js',
)
[ info ] [ LOG ] INIT File
---------------------------------------------------------------
[ 2019-04-08T21:29:44+08:00 ] 127.0.0.1 127.0.0.1 GET /public/static/admin/admin.ui/js/app.plugin.js
[ info ] www.mytp5_blog.com/public/static/admin/admin.ui/js/app.plugin.js [运行时间：0.016944s][吞吐率：59.02req/s] [内存消耗：302.13kb] [文件加载：45]
[ info ] [ LANG ] E:\wamp64\www\tp5_blog\thinkphp\lang\zh-cn.php
[ info ] [ ROUTE ] array (
  'type' => 'module',
  'module' => 
  array (
    0 => 'public',
    1 => 'static',
    2 => 'admin',
  ),
)
[ info ] [ HEADER ] array (
  'host' => 'www.mytp5_blog.com',
  'connection' => 'keep-alive',
  'user-agent' => 'Mozilla/5.0 (Windows NT 10.0; Win64; x64) AppleWebKit/537.36 (KHTML, like Gecko) Chrome/72.0.3626.121 Safari/537.36',
  'accept' => '*/*',
  'referer' => 'http://www.mytp5_blog.com/admin/login/login.html',
  'accept-encoding' => 'gzip, deflate',
  'accept-language' => 'zh-CN,zh;q=0.9',
  'cookie' => 'thinkphp_show_page_trace=0|0; PHPSESSID=8o65srunqsvk8fp375cmd1lncj',
)
[ info ] [ PARAM ] array (
  'ui' => 'js',
)
[ info ] [ LOG ] INIT File
---------------------------------------------------------------
[ 2019-04-08T21:29:44+08:00 ] 127.0.0.1 127.0.0.1 GET /public/static/admin/admin.ui/js/bootstrap.js
[ info ] www.mytp5_blog.com/public/static/admin/admin.ui/js/bootstrap.js [运行时间：0.023439s][吞吐率：42.66req/s] [内存消耗：302.13kb] [文件加载：45]
[ info ] [ LANG ] E:\wamp64\www\tp5_blog\thinkphp\lang\zh-cn.php
[ info ] [ ROUTE ] array (
  'type' => 'module',
  'module' => 
  array (
    0 => 'public',
    1 => 'static',
    2 => 'admin',
  ),
)
[ info ] [ HEADER ] array (
  'host' => 'www.mytp5_blog.com',
  'connection' => 'keep-alive',
  'user-agent' => 'Mozilla/5.0 (Windows NT 10.0; Win64; x64) AppleWebKit/537.36 (KHTML, like Gecko) Chrome/72.0.3626.121 Safari/537.36',
  'accept' => '*/*',
  'referer' => 'http://www.mytp5_blog.com/admin/login/login.html',
  'accept-encoding' => 'gzip, deflate',
  'accept-language' => 'zh-CN,zh;q=0.9',
  'cookie' => 'thinkphp_show_page_trace=0|0; PHPSESSID=8o65srunqsvk8fp375cmd1lncj',
)
[ info ] [ PARAM ] array (
  'ui' => 'js',
)
[ info ] [ LOG ] INIT File
---------------------------------------------------------------
[ 2019-04-08T21:29:44+08:00 ] 127.0.0.1 127.0.0.1 GET /public/static/admin/admin.ui/js/app.js
[ info ] www.mytp5_blog.com/public/static/admin/admin.ui/js/app.js [运行时间：0.028182s][吞吐率：35.48req/s] [内存消耗：302.12kb] [文件加载：45]
[ info ] [ LANG ] E:\wamp64\www\tp5_blog\thinkphp\lang\zh-cn.php
[ info ] [ ROUTE ] array (
  'type' => 'module',
  'module' => 
  array (
    0 => 'public',
    1 => 'static',
    2 => 'admin',
  ),
)
[ info ] [ HEADER ] array (
  'host' => 'www.mytp5_blog.com',
  'connection' => 'keep-alive',
  'user-agent' => 'Mozilla/5.0 (Windows NT 10.0; Win64; x64) AppleWebKit/537.36 (KHTML, like Gecko) Chrome/72.0.3626.121 Safari/537.36',
  'accept' => '*/*',
  'referer' => 'http://www.mytp5_blog.com/admin/login/login.html',
  'accept-encoding' => 'gzip, deflate',
  'accept-language' => 'zh-CN,zh;q=0.9',
  'cookie' => 'thinkphp_show_page_trace=0|0; PHPSESSID=8o65srunqsvk8fp375cmd1lncj',
)
[ info ] [ PARAM ] array (
  'ui' => 'js',
)
[ info ] [ LOG ] INIT File
---------------------------------------------------------------
[ 2019-04-08T21:29:44+08:00 ] 127.0.0.1 127.0.0.1 GET /public/static/admin/admin.ui/js/app.plugin.js
[ info ] www.mytp5_blog.com/public/static/admin/admin.ui/js/app.plugin.js [运行时间：0.031650s][吞吐率：31.60req/s] [内存消耗：302.13kb] [文件加载：45]
[ info ] [ LANG ] E:\wamp64\www\tp5_blog\thinkphp\lang\zh-cn.php
[ info ] [ ROUTE ] array (
  'type' => 'module',
  'module' => 
  array (
    0 => 'public',
    1 => 'static',
    2 => 'admin',
  ),
)
[ info ] [ HEADER ] array (
  'host' => 'www.mytp5_blog.com',
  'connection' => 'keep-alive',
  'user-agent' => 'Mozilla/5.0 (Windows NT 10.0; Win64; x64) AppleWebKit/537.36 (KHTML, like Gecko) Chrome/72.0.3626.121 Safari/537.36',
  'accept' => '*/*',
  'referer' => 'http://www.mytp5_blog.com/admin/login/login.html',
  'accept-encoding' => 'gzip, deflate',
  'accept-language' => 'zh-CN,zh;q=0.9',
  'cookie' => 'thinkphp_show_page_trace=0|0; PHPSESSID=8o65srunqsvk8fp375cmd1lncj',
)
[ info ] [ PARAM ] array (
  'ui' => 'js',
)
[ info ] [ LOG ] INIT File
---------------------------------------------------------------
[ 2019-04-08T21:30:10+08:00 ] 127.0.0.1 127.0.0.1 GET /admin/login/login.html
[ info ] www.mytp5_blog.com/admin/login/login.html [运行时间：0.031366s][吞吐率：31.88req/s] [内存消耗：346.63kb] [文件加载：53]
[ info ] [ LANG ] E:\wamp64\www\tp5_blog\thinkphp\lang\zh-cn.php
[ info ] [ ROUTE ] array (
  'type' => 'module',
  'module' => 
  array (
    0 => 'admin',
    1 => 'login',
    2 => 'login',
  ),
)
[ info ] [ HEADER ] array (
  'host' => 'www.mytp5_blog.com',
  'connection' => 'keep-alive',
  'cache-control' => 'max-age=0',
  'upgrade-insecure-requests' => '1',
  'user-agent' => 'Mozilla/5.0 (Windows NT 10.0; Win64; x64) AppleWebKit/537.36 (KHTML, like Gecko) Chrome/72.0.3626.121 Safari/537.36',
  'accept' => 'text/html,application/xhtml+xml,application/xml;q=0.9,image/webp,image/apng,*/*;q=0.8',
  'accept-encoding' => 'gzip, deflate',
  'accept-language' => 'zh-CN,zh;q=0.9',
  'cookie' => 'thinkphp_show_page_trace=0|0; thinkphp_show_page_trace=0|0; PHPSESSID=8o65srunqsvk8fp375cmd1lncj',
)
[ info ] [ PARAM ] array (
)
[ info ] [ RUN ] app\admin\controller\Login->login[ E:\wamp64\www\tp5_blog\application\admin\controller\Login.php ]
[ info ] [ VIEW ] E:\wamp64\www\tp5_blog\public/../application/admin\view\login\login.html [ array (
) ]
[ info ] [ LOG ] INIT File
---------------------------------------------------------------
[ 2019-04-08T21:30:10+08:00 ] 127.0.0.1 127.0.0.1 GET /captcha.html
[ info ] www.mytp5_blog.com/captcha.html [运行时间：0.020095s][吞吐率：49.76req/s] [内存消耗：318.02kb] [文件加载：41]
[ info ] [ LANG ] E:\wamp64\www\tp5_blog\thinkphp\lang\zh-cn.php
[ info ] [ ROUTE ] array (
  'type' => 'method',
  'method' => 
  array (
    0 => '\\think\\captcha\\CaptchaController',
    1 => 'index',
  ),
  'var' => 
  array (
  ),
)
[ info ] [ HEADER ] array (
  'host' => 'www.mytp5_blog.com',
  'connection' => 'keep-alive',
  'user-agent' => 'Mozilla/5.0 (Windows NT 10.0; Win64; x64) AppleWebKit/537.36 (KHTML, like Gecko) Chrome/72.0.3626.121 Safari/537.36',
  'accept' => 'image/webp,image/apng,image/*,*/*;q=0.8',
  'referer' => 'http://www.mytp5_blog.com/admin/login/login.html',
  'accept-encoding' => 'gzip, deflate',
  'accept-language' => 'zh-CN,zh;q=0.9',
  'cookie' => 'thinkphp_show_page_trace=0|0; PHPSESSID=8o65srunqsvk8fp375cmd1lncj',
)
[ info ] [ PARAM ] array (
  'id' => NULL,
)
[ info ] [ RUN ] think\captcha\CaptchaController->index[ E:\wamp64\www\tp5_blog\vendor\topthink\think-captcha\src\CaptchaController.php ]
[ info ] [ SESSION ] INIT array (
  'id' => '',
  'var_session_id' => '',
  'prefix' => 'think',
  'type' => '',
  'auto_start' => true,
)
[ info ] [ LOG ] INIT File
---------------------------------------------------------------
[ 2019-04-08T21:31:19+08:00 ] 127.0.0.1 127.0.0.1 GET /
[ info ] www.mytp5_blog.com/ [运行时间：0.239913s][吞吐率：4.17req/s] [内存消耗：592.56kb] [文件加载：60]
[ info ] [ LANG ] E:\wamp64\www\tp5_blog\thinkphp\lang\zh-cn.php
[ info ] [ ROUTE ] array (
  'type' => 'module',
  'module' => 
  array (
    0 => '',
    1 => NULL,
    2 => NULL,
  ),
)
[ info ] [ HEADER ] array (
  'host' => 'www.mytp5_blog.com',
  'connection' => 'keep-alive',
  'upgrade-insecure-requests' => '1',
  'user-agent' => 'Mozilla/5.0 (Windows NT 10.0; Win64; x64) AppleWebKit/537.36 (KHTML, like Gecko) Chrome/72.0.3626.121 Safari/537.36',
  'accept' => 'text/html,application/xhtml+xml,application/xml;q=0.9,image/webp,image/apng,*/*;q=0.8',
  'accept-encoding' => 'gzip, deflate',
  'accept-language' => 'zh-CN,zh;q=0.9',
  'cookie' => 'thinkphp_show_page_trace=0|0; PHPSESSID=8o65srunqsvk8fp375cmd1lncj',
)
[ info ] [ PARAM ] array (
)
[ info ] [ DB ] INIT mysql
[ info ] [ RUN ] app\index\controller\Index->index[ E:\wamp64\www\tp5_blog\application\index\controller\Index.php ]
[ info ] [ VIEW ] E:\wamp64\www\tp5_blog\public/../application/index\view\index\index.html [ array (
  0 => '_webset',
  1 => '_cateData',
  2 => '_allCateData',
  3 => '_allTagData',
  4 => '_allArticleData',
  5 => '_allLinkData',
  6 => 'headConf',
  7 => 'articleData',
) ]
[ info ] [ LOG ] INIT File
[ sql ] [ DB ] CONNECT:[ UseTime:0.003255s ] mysql:host=localhost;port=3306;dbname=blog_tp5;charset=utf8
[ sql ] [ SQL ] SHOW COLUMNS FROM `blog_webset` [ RunTime:0.004602s ]
[ sql ] [ SQL ] SELECT `webset_name`,`webset_value` FROM `blog_webset` [ RunTime:0.002937s ]
[ sql ] [ SQL ] SHOW COLUMNS FROM `blog_cate` [ RunTime:0.007318s ]
[ sql ] [ SQL ] SELECT * FROM `blog_cate` WHERE  `cate_pid` = 0  AND `status` = 1 ORDER BY cate_sort desc LIMIT 5 [ RunTime:0.001159s ]
[ sql ] [ SQL ] SELECT * FROM `blog_cate` WHERE  `status` = 1 ORDER BY cate_sort desc LIMIT 5 [ RunTime:0.000474s ]
[ sql ] [ SQL ] SHOW COLUMNS FROM `blog_tag` [ RunTime:0.008669s ]
[ sql ] [ SQL ] SELECT * FROM `blog_tag` [ RunTime:0.000706s ]
[ sql ] [ SQL ] SHOW COLUMNS FROM `blog_article` [ RunTime:0.002766s ]
[ sql ] [ SQL ] SELECT `arc_id`,`arc_title`,`sendtime` FROM `blog_article` ORDER BY sendtime desc LIMIT 2 [ RunTime:0.000415s ]
[ sql ] [ SQL ] SHOW COLUMNS FROM `blog_link` [ RunTime:0.006024s ]
[ sql ] [ SQL ] SELECT * FROM `blog_link` ORDER BY link_sort desc [ RunTime:0.002255s ]
[ sql ] [ SQL ] SELECT * FROM `blog_article` `a` INNER JOIN `blog_cate` `c` ON `a`.`cate_id`=`c`.`cate_id` WHERE  `a`.`is_recycle` = 2 ORDER BY sendtime desc [ RunTime:0.002675s ]
[ sql ] [ SQL ] SHOW COLUMNS FROM `blog_arc_tag` [ RunTime:0.006512s ]
[ sql ] [ SQL ] SELECT `b`.`tag_id`,`b`.`tag_name` FROM `blog_arc_tag` `t` INNER JOIN `blog_tag` `b` ON `t`.`tag_id`=`b`.`tag_id` WHERE  `t`.`arc_id` = 4 [ RunTime:0.000891s ]
[ sql ] [ SQL ] SELECT `b`.`tag_id`,`b`.`tag_name` FROM `blog_arc_tag` `t` INNER JOIN `blog_tag` `b` ON `t`.`tag_id`=`b`.`tag_id` WHERE  `t`.`arc_id` = 3 [ RunTime:0.000533s ]
---------------------------------------------------------------
[ 2019-04-08T21:32:31+08:00 ] 127.0.0.1 127.0.0.1 GET /captcha.html?0.6865262353655963
[ info ] www.mytp5_blog.com/captcha.html?0.6865262353655963 [运行时间：0.030388s][吞吐率：32.91req/s] [内存消耗：318.08kb] [文件加载：41]
[ info ] [ LANG ] E:\wamp64\www\tp5_blog\thinkphp\lang\zh-cn.php
[ info ] [ ROUTE ] array (
  'type' => 'method',
  'method' => 
  array (
    0 => '\\think\\captcha\\CaptchaController',
    1 => 'index',
  ),
  'var' => 
  array (
  ),
)
[ info ] [ HEADER ] array (
  'host' => 'www.mytp5_blog.com',
  'connection' => 'keep-alive',
  'user-agent' => 'Mozilla/5.0 (Windows NT 10.0; Win64; x64) AppleWebKit/537.36 (KHTML, like Gecko) Chrome/72.0.3626.121 Safari/537.36',
  'accept' => 'image/webp,image/apng,image/*,*/*;q=0.8',
  'referer' => 'http://www.mytp5_blog.com/admin/login/login.html',
  'accept-encoding' => 'gzip, deflate',
  'accept-language' => 'zh-CN,zh;q=0.9',
  'cookie' => 'thinkphp_show_page_trace=0|0; PHPSESSID=8o65srunqsvk8fp375cmd1lncj',
)
[ info ] [ PARAM ] array (
  '0_6865262353655963' => '',
  'id' => NULL,
)
[ info ] [ RUN ] think\captcha\CaptchaController->index[ E:\wamp64\www\tp5_blog\vendor\topthink\think-captcha\src\CaptchaController.php ]
[ info ] [ SESSION ] INIT array (
  'id' => '',
  'var_session_id' => '',
  'prefix' => 'think',
  'type' => '',
  'auto_start' => true,
)
[ info ] [ LOG ] INIT File
---------------------------------------------------------------
[ 2019-04-08T21:32:32+08:00 ] 127.0.0.1 127.0.0.1 GET /captcha.html?0.6865262353655963?0.9409195566594823
[ info ] www.mytp5_blog.com/captcha.html?0.6865262353655963?0.9409195566594823 [运行时间：0.032140s][吞吐率：31.11req/s] [内存消耗：318.11kb] [文件加载：41]
[ info ] [ LANG ] E:\wamp64\www\tp5_blog\thinkphp\lang\zh-cn.php
[ info ] [ ROUTE ] array (
  'type' => 'method',
  'method' => 
  array (
    0 => '\\think\\captcha\\CaptchaController',
    1 => 'index',
  ),
  'var' => 
  array (
  ),
)
[ info ] [ HEADER ] array (
  'host' => 'www.mytp5_blog.com',
  'connection' => 'keep-alive',
  'user-agent' => 'Mozilla/5.0 (Windows NT 10.0; Win64; x64) AppleWebKit/537.36 (KHTML, like Gecko) Chrome/72.0.3626.121 Safari/537.36',
  'accept' => 'image/webp,image/apng,image/*,*/*;q=0.8',
  'referer' => 'http://www.mytp5_blog.com/admin/login/login.html',
  'accept-encoding' => 'gzip, deflate',
  'accept-language' => 'zh-CN,zh;q=0.9',
  'cookie' => 'thinkphp_show_page_trace=0|0; PHPSESSID=8o65srunqsvk8fp375cmd1lncj',
)
[ info ] [ PARAM ] array (
  '0_6865262353655963?0_9409195566594823' => '',
  'id' => NULL,
)
[ info ] [ RUN ] think\captcha\CaptchaController->index[ E:\wamp64\www\tp5_blog\vendor\topthink\think-captcha\src\CaptchaController.php ]
[ info ] [ SESSION ] INIT array (
  'id' => '',
  'var_session_id' => '',
  'prefix' => 'think',
  'type' => '',
  'auto_start' => true,
)
[ info ] [ LOG ] INIT File
---------------------------------------------------------------
[ 2019-04-08T21:32:40+08:00 ] 127.0.0.1 127.0.0.1 POST /admin/login/login.html
[ info ] www.mytp5_blog.com/admin/login/login.html [运行时间：0.191566s][吞吐率：5.22req/s] [内存消耗：616.67kb] [文件加载：65]
[ info ] [ LANG ] E:\wamp64\www\tp5_blog\thinkphp\lang\zh-cn.php
[ info ] [ ROUTE ] array (
  'type' => 'module',
  'module' => 
  array (
    0 => 'admin',
    1 => 'login',
    2 => 'login',
  ),
)
[ info ] [ HEADER ] array (
  'host' => 'www.mytp5_blog.com',
  'connection' => 'keep-alive',
  'content-length' => '50',
  'cache-control' => 'max-age=0',
  'origin' => 'http://www.mytp5_blog.com',
  'upgrade-insecure-requests' => '1',
  'content-type' => 'application/x-www-form-urlencoded',
  'user-agent' => 'Mozilla/5.0 (Windows NT 10.0; Win64; x64) AppleWebKit/537.36 (KHTML, like Gecko) Chrome/72.0.3626.121 Safari/537.36',
  'accept' => 'text/html,application/xhtml+xml,application/xml;q=0.9,image/webp,image/apng,*/*;q=0.8',
  'referer' => 'http://www.mytp5_blog.com/admin/login/login.html',
  'accept-encoding' => 'gzip, deflate',
  'accept-language' => 'zh-CN,zh;q=0.9',
  'cookie' => 'thinkphp_show_page_trace=0|0; thinkphp_show_page_trace=0|0; PHPSESSID=8o65srunqsvk8fp375cmd1lncj',
)
[ info ] [ PARAM ] array (
  'username' => 'admin888',
  'pwd' => 'www.mytp5_blog.com',
  'code' => 'nl47',
)
[ info ] [ RUN ] app\admin\controller\Login->login[ E:\wamp64\www\tp5_blog\application\admin\controller\Login.php ]
[ info ] [ DB ] INIT mysql
[ info ] [ SESSION ] INIT array (
  'id' => '',
  'var_session_id' => '',
  'prefix' => 'think',
  'type' => '',
  'auto_start' => true,
)
[ info ] [ VIEW ] E:\wamp64\www\tp5_blog\thinkphp\tpl\dispatch_jump.tpl [ array (
  0 => 'code',
  1 => 'msg',
  2 => 'data',
  3 => 'url',
  4 => 'wait',
) ]
[ info ] [ LOG ] INIT File
[ sql ] [ DB ] CONNECT:[ UseTime:0.001601s ] mysql:host=localhost;port=3306;dbname=blog_tp5;charset=utf8
[ sql ] [ SQL ] SHOW COLUMNS FROM `blog_admin` [ RunTime:0.006506s ]
[ sql ] [ SQL ] SELECT * FROM `blog_admin` WHERE  `username` = 'admin888'  AND `pwd` = 'wEYzQMvg2NIiBVbT1S62VV+Sc3sBFu/rshK6L3SR/0Q=' LIMIT 1 [ RunTime:0.000869s ]
---------------------------------------------------------------
[ 2019-04-08T21:32:47+08:00 ] 127.0.0.1 127.0.0.1 GET /admin/login/login.html
[ info ] www.mytp5_blog.com/admin/login/login.html [运行时间：0.050173s][吞吐率：19.93req/s] [内存消耗：345.85kb] [文件加载：53]
[ info ] [ LANG ] E:\wamp64\www\tp5_blog\thinkphp\lang\zh-cn.php
[ info ] [ ROUTE ] array (
  'type' => 'module',
  'module' => 
  array (
    0 => 'admin',
    1 => 'login',
    2 => 'login',
  ),
)
[ info ] [ HEADER ] array (
  'host' => 'www.mytp5_blog.com',
  'connection' => 'keep-alive',
  'upgrade-insecure-requests' => '1',
  'user-agent' => 'Mozilla/5.0 (Windows NT 10.0; Win64; x64) AppleWebKit/537.36 (KHTML, like Gecko) Chrome/72.0.3626.121 Safari/537.36',
  'accept' => 'text/html,application/xhtml+xml,application/xml;q=0.9,image/webp,image/apng,*/*;q=0.8',
  'accept-encoding' => 'gzip, deflate',
  'accept-language' => 'zh-CN,zh;q=0.9',
  'cookie' => 'thinkphp_show_page_trace=0|0; thinkphp_show_page_trace=0|0; PHPSESSID=8o65srunqsvk8fp375cmd1lncj',
)
[ info ] [ PARAM ] array (
)
[ info ] [ RUN ] app\admin\controller\Login->login[ E:\wamp64\www\tp5_blog\application\admin\controller\Login.php ]
[ info ] [ VIEW ] E:\wamp64\www\tp5_blog\public/../application/admin\view\login\login.html [ array (
) ]
[ info ] [ LOG ] INIT File
---------------------------------------------------------------
[ 2019-04-08T21:32:47+08:00 ] 127.0.0.1 127.0.0.1 GET /captcha.html
[ info ] www.mytp5_blog.com/captcha.html [运行时间：0.023473s][吞吐率：42.60req/s] [内存消耗：317.87kb] [文件加载：41]
[ info ] [ LANG ] E:\wamp64\www\tp5_blog\thinkphp\lang\zh-cn.php
[ info ] [ ROUTE ] array (
  'type' => 'method',
  'method' => 
  array (
    0 => '\\think\\captcha\\CaptchaController',
    1 => 'index',
  ),
  'var' => 
  array (
  ),
)
[ info ] [ HEADER ] array (
  'host' => 'www.mytp5_blog.com',
  'connection' => 'keep-alive',
  'user-agent' => 'Mozilla/5.0 (Windows NT 10.0; Win64; x64) AppleWebKit/537.36 (KHTML, like Gecko) Chrome/72.0.3626.121 Safari/537.36',
  'accept' => 'image/webp,image/apng,image/*,*/*;q=0.8',
  'referer' => 'http://www.mytp5_blog.com/admin/login/login.html',
  'accept-encoding' => 'gzip, deflate',
  'accept-language' => 'zh-CN,zh;q=0.9',
  'cookie' => 'thinkphp_show_page_trace=0|0; PHPSESSID=8o65srunqsvk8fp375cmd1lncj',
)
[ info ] [ PARAM ] array (
  'id' => NULL,
)
[ info ] [ RUN ] think\captcha\CaptchaController->index[ E:\wamp64\www\tp5_blog\vendor\topthink\think-captcha\src\CaptchaController.php ]
[ info ] [ SESSION ] INIT array (
  'id' => '',
  'var_session_id' => '',
  'prefix' => 'think',
  'type' => '',
  'auto_start' => true,
)
[ info ] [ LOG ] INIT File
---------------------------------------------------------------
[ 2019-04-08T21:38:52+08:00 ] 127.0.0.1 127.0.0.1 GET /captcha.html?0.1173719618665543
[ info ] www.mytp5_blog.com/captcha.html?0.1173719618665543 [运行时间：0.047856s][吞吐率：20.90req/s] [内存消耗：318.08kb] [文件加载：41]
[ info ] [ LANG ] E:\wamp64\www\tp5_blog\thinkphp\lang\zh-cn.php
[ info ] [ ROUTE ] array (
  'type' => 'method',
  'method' => 
  array (
    0 => '\\think\\captcha\\CaptchaController',
    1 => 'index',
  ),
  'var' => 
  array (
  ),
)
[ info ] [ HEADER ] array (
  'host' => 'www.mytp5_blog.com',
  'connection' => 'keep-alive',
  'user-agent' => 'Mozilla/5.0 (Windows NT 10.0; Win64; x64) AppleWebKit/537.36 (KHTML, like Gecko) Chrome/72.0.3626.121 Safari/537.36',
  'accept' => 'image/webp,image/apng,image/*,*/*;q=0.8',
  'referer' => 'http://www.mytp5_blog.com/admin/login/login.html',
  'accept-encoding' => 'gzip, deflate',
  'accept-language' => 'zh-CN,zh;q=0.9',
  'cookie' => 'thinkphp_show_page_trace=0|0; PHPSESSID=8o65srunqsvk8fp375cmd1lncj',
)
[ info ] [ PARAM ] array (
  '0_1173719618665543' => '',
  'id' => NULL,
)
[ info ] [ RUN ] think\captcha\CaptchaController->index[ E:\wamp64\www\tp5_blog\vendor\topthink\think-captcha\src\CaptchaController.php ]
[ info ] [ SESSION ] INIT array (
  'id' => '',
  'var_session_id' => '',
  'prefix' => 'think',
  'type' => '',
  'auto_start' => true,
)
[ info ] [ LOG ] INIT File
---------------------------------------------------------------
[ 2019-04-08T21:38:53+08:00 ] 127.0.0.1 127.0.0.1 GET /captcha.html?0.1173719618665543?0.1625729726838534
[ info ] www.mytp5_blog.com/captcha.html?0.1173719618665543?0.1625729726838534 [运行时间：0.027662s][吞吐率：36.15req/s] [内存消耗：318.11kb] [文件加载：41]
[ info ] [ LANG ] E:\wamp64\www\tp5_blog\thinkphp\lang\zh-cn.php
[ info ] [ ROUTE ] array (
  'type' => 'method',
  'method' => 
  array (
    0 => '\\think\\captcha\\CaptchaController',
    1 => 'index',
  ),
  'var' => 
  array (
  ),
)
[ info ] [ HEADER ] array (
  'host' => 'www.mytp5_blog.com',
  'connection' => 'keep-alive',
  'user-agent' => 'Mozilla/5.0 (Windows NT 10.0; Win64; x64) AppleWebKit/537.36 (KHTML, like Gecko) Chrome/72.0.3626.121 Safari/537.36',
  'accept' => 'image/webp,image/apng,image/*,*/*;q=0.8',
  'referer' => 'http://www.mytp5_blog.com/admin/login/login.html',
  'accept-encoding' => 'gzip, deflate',
  'accept-language' => 'zh-CN,zh;q=0.9',
  'cookie' => 'thinkphp_show_page_trace=0|0; PHPSESSID=8o65srunqsvk8fp375cmd1lncj',
)
[ info ] [ PARAM ] array (
  '0_1173719618665543?0_1625729726838534' => '',
  'id' => NULL,
)
[ info ] [ RUN ] think\captcha\CaptchaController->index[ E:\wamp64\www\tp5_blog\vendor\topthink\think-captcha\src\CaptchaController.php ]
[ info ] [ SESSION ] INIT array (
  'id' => '',
  'var_session_id' => '',
  'prefix' => 'think',
  'type' => '',
  'auto_start' => true,
)
[ info ] [ LOG ] INIT File
---------------------------------------------------------------
[ 2019-04-08T21:38:54+08:00 ] 127.0.0.1 127.0.0.1 GET /captcha.html?0.1173719618665543?0.1625729726838534?0.4484908903289153
[ info ] www.mytp5_blog.com/captcha.html?0.1173719618665543?0.1625729726838534?0.4484908903289153 [运行时间：0.031829s][吞吐率：31.42req/s] [内存消耗：318.16kb] [文件加载：41]
[ info ] [ LANG ] E:\wamp64\www\tp5_blog\thinkphp\lang\zh-cn.php
[ info ] [ ROUTE ] array (
  'type' => 'method',
  'method' => 
  array (
    0 => '\\think\\captcha\\CaptchaController',
    1 => 'index',
  ),
  'var' => 
  array (
  ),
)
[ info ] [ HEADER ] array (
  'host' => 'www.mytp5_blog.com',
  'connection' => 'keep-alive',
  'user-agent' => 'Mozilla/5.0 (Windows NT 10.0; Win64; x64) AppleWebKit/537.36 (KHTML, like Gecko) Chrome/72.0.3626.121 Safari/537.36',
  'accept' => 'image/webp,image/apng,image/*,*/*;q=0.8',
  'referer' => 'http://www.mytp5_blog.com/admin/login/login.html',
  'accept-encoding' => 'gzip, deflate',
  'accept-language' => 'zh-CN,zh;q=0.9',
  'cookie' => 'thinkphp_show_page_trace=0|0; PHPSESSID=8o65srunqsvk8fp375cmd1lncj',
)
[ info ] [ PARAM ] array (
  '0_1173719618665543?0_1625729726838534?0_4484908903289153' => '',
  'id' => NULL,
)
[ info ] [ RUN ] think\captcha\CaptchaController->index[ E:\wamp64\www\tp5_blog\vendor\topthink\think-captcha\src\CaptchaController.php ]
[ info ] [ SESSION ] INIT array (
  'id' => '',
  'var_session_id' => '',
  'prefix' => 'think',
  'type' => '',
  'auto_start' => true,
)
[ info ] [ LOG ] INIT File
---------------------------------------------------------------
[ 2019-04-08T21:38:55+08:00 ] 127.0.0.1 127.0.0.1 GET /captcha.html?0.1173719618665543?0.1625729726838534?0.4484908903289153?0.5193384735564266
[ info ] www.mytp5_blog.com/captcha.html?0.1173719618665543?0.1625729726838534?0.4484908903289153?0.5193384735564266 [运行时间：0.038303s][吞吐率：26.11req/s] [内存消耗：318.22kb] [文件加载：41]
[ info ] [ LANG ] E:\wamp64\www\tp5_blog\thinkphp\lang\zh-cn.php
[ info ] [ ROUTE ] array (
  'type' => 'method',
  'method' => 
  array (
    0 => '\\think\\captcha\\CaptchaController',
    1 => 'index',
  ),
  'var' => 
  array (
  ),
)
[ info ] [ HEADER ] array (
  'host' => 'www.mytp5_blog.com',
  'connection' => 'keep-alive',
  'user-agent' => 'Mozilla/5.0 (Windows NT 10.0; Win64; x64) AppleWebKit/537.36 (KHTML, like Gecko) Chrome/72.0.3626.121 Safari/537.36',
  'accept' => 'image/webp,image/apng,image/*,*/*;q=0.8',
  'referer' => 'http://www.mytp5_blog.com/admin/login/login.html',
  'accept-encoding' => 'gzip, deflate',
  'accept-language' => 'zh-CN,zh;q=0.9',
  'cookie' => 'thinkphp_show_page_trace=0|0; PHPSESSID=8o65srunqsvk8fp375cmd1lncj',
)
[ info ] [ PARAM ] array (
  '0_1173719618665543?0_1625729726838534?0_4484908903289153?0_5193384735564266' => '',
  'id' => NULL,
)
[ info ] [ RUN ] think\captcha\CaptchaController->index[ E:\wamp64\www\tp5_blog\vendor\topthink\think-captcha\src\CaptchaController.php ]
[ info ] [ SESSION ] INIT array (
  'id' => '',
  'var_session_id' => '',
  'prefix' => 'think',
  'type' => '',
  'auto_start' => true,
)
[ info ] [ LOG ] INIT File
---------------------------------------------------------------
[ 2019-04-08T21:38:59+08:00 ] 127.0.0.1 127.0.0.1 GET /captcha.html?0.1173719618665543?0.1625729726838534?0.4484908903289153?0.5193384735564266?0.010051602821192107
[ info ] www.mytp5_blog.com/captcha.html?0.1173719618665543?0.1625729726838534?0.4484908903289153?0.5193384735564266?0.010051602821192107 [运行时间：0.021685s][吞吐率：46.12req/s] [内存消耗：318.25kb] [文件加载：41]
[ info ] [ LANG ] E:\wamp64\www\tp5_blog\thinkphp\lang\zh-cn.php
[ info ] [ ROUTE ] array (
  'type' => 'method',
  'method' => 
  array (
    0 => '\\think\\captcha\\CaptchaController',
    1 => 'index',
  ),
  'var' => 
  array (
  ),
)
[ info ] [ HEADER ] array (
  'host' => 'www.mytp5_blog.com',
  'connection' => 'keep-alive',
  'user-agent' => 'Mozilla/5.0 (Windows NT 10.0; Win64; x64) AppleWebKit/537.36 (KHTML, like Gecko) Chrome/72.0.3626.121 Safari/537.36',
  'accept' => 'image/webp,image/apng,image/*,*/*;q=0.8',
  'referer' => 'http://www.mytp5_blog.com/admin/login/login.html',
  'accept-encoding' => 'gzip, deflate',
  'accept-language' => 'zh-CN,zh;q=0.9',
  'cookie' => 'thinkphp_show_page_trace=0|0; PHPSESSID=8o65srunqsvk8fp375cmd1lncj',
)
[ info ] [ PARAM ] array (
  '0_1173719618665543?0_1625729726838534?0_4484908903289153?0_5193384735564266?0_010051602821192107' => '',
  'id' => NULL,
)
[ info ] [ RUN ] think\captcha\CaptchaController->index[ E:\wamp64\www\tp5_blog\vendor\topthink\think-captcha\src\CaptchaController.php ]
[ info ] [ SESSION ] INIT array (
  'id' => '',
  'var_session_id' => '',
  'prefix' => 'think',
  'type' => '',
  'auto_start' => true,
)
[ info ] [ LOG ] INIT File
---------------------------------------------------------------
[ 2019-04-08T21:39:06+08:00 ] 127.0.0.1 127.0.0.1 POST /admin/login/login.html
[ info ] www.mytp5_blog.com/admin/login/login.html [运行时间：0.056333s][吞吐率：17.75req/s] [内存消耗：601.58kb] [文件加载：63]
[ info ] [ LANG ] E:\wamp64\www\tp5_blog\thinkphp\lang\zh-cn.php
[ info ] [ ROUTE ] array (
  'type' => 'module',
  'module' => 
  array (
    0 => 'admin',
    1 => 'login',
    2 => 'login',
  ),
)
[ info ] [ HEADER ] array (
  'host' => 'www.mytp5_blog.com',
  'connection' => 'keep-alive',
  'content-length' => '33',
  'cache-control' => 'max-age=0',
  'origin' => 'http://www.mytp5_blog.com',
  'upgrade-insecure-requests' => '1',
  'content-type' => 'application/x-www-form-urlencoded',
  'user-agent' => 'Mozilla/5.0 (Windows NT 10.0; Win64; x64) AppleWebKit/537.36 (KHTML, like Gecko) Chrome/72.0.3626.121 Safari/537.36',
  'accept' => 'text/html,application/xhtml+xml,application/xml;q=0.9,image/webp,image/apng,*/*;q=0.8',
  'referer' => 'http://www.mytp5_blog.com/admin/login/login.html',
  'accept-encoding' => 'gzip, deflate',
  'accept-language' => 'zh-CN,zh;q=0.9',
  'cookie' => 'thinkphp_show_page_trace=0|0; thinkphp_show_page_trace=0|0; PHPSESSID=8o65srunqsvk8fp375cmd1lncj',
)
[ info ] [ PARAM ] array (
  'username' => 'admin888',
  'pwd' => 's',
  'code' => 'r3mp',
)
[ info ] [ RUN ] app\admin\controller\Login->login[ E:\wamp64\www\tp5_blog\application\admin\controller\Login.php ]
[ info ] [ DB ] INIT mysql
[ info ] [ SESSION ] INIT array (
  'id' => '',
  'var_session_id' => '',
  'prefix' => 'think',
  'type' => '',
  'auto_start' => true,
)
[ info ] [ VIEW ] E:\wamp64\www\tp5_blog\thinkphp\tpl\dispatch_jump.tpl [ array (
  0 => 'code',
  1 => 'msg',
  2 => 'data',
  3 => 'url',
  4 => 'wait',
) ]
[ info ] [ LOG ] INIT File
[ sql ] [ DB ] CONNECT:[ UseTime:0.002090s ] mysql:host=localhost;port=3306;dbname=blog_tp5;charset=utf8
[ sql ] [ SQL ] SHOW COLUMNS FROM `blog_admin` [ RunTime:0.004333s ]
[ sql ] [ SQL ] SELECT * FROM `blog_admin` WHERE  `username` = 'admin888'  AND `pwd` = 'g2caJkMxWzalaajXGR6grQ==' LIMIT 1 [ RunTime:0.001174s ]
---------------------------------------------------------------
[ 2019-04-08T21:39:12+08:00 ] 127.0.0.1 127.0.0.1 GET /admin/login/login.html
[ info ] www.mytp5_blog.com/admin/login/login.html [运行时间：0.031252s][吞吐率：32.00req/s] [内存消耗：345.85kb] [文件加载：53]
[ info ] [ LANG ] E:\wamp64\www\tp5_blog\thinkphp\lang\zh-cn.php
[ info ] [ ROUTE ] array (
  'type' => 'module',
  'module' => 
  array (
    0 => 'admin',
    1 => 'login',
    2 => 'login',
  ),
)
[ info ] [ HEADER ] array (
  'host' => 'www.mytp5_blog.com',
  'connection' => 'keep-alive',
  'upgrade-insecure-requests' => '1',
  'user-agent' => 'Mozilla/5.0 (Windows NT 10.0; Win64; x64) AppleWebKit/537.36 (KHTML, like Gecko) Chrome/72.0.3626.121 Safari/537.36',
  'accept' => 'text/html,application/xhtml+xml,application/xml;q=0.9,image/webp,image/apng,*/*;q=0.8',
  'accept-encoding' => 'gzip, deflate',
  'accept-language' => 'zh-CN,zh;q=0.9',
  'cookie' => 'thinkphp_show_page_trace=0|0; thinkphp_show_page_trace=0|0; PHPSESSID=8o65srunqsvk8fp375cmd1lncj',
)
[ info ] [ PARAM ] array (
)
[ info ] [ RUN ] app\admin\controller\Login->login[ E:\wamp64\www\tp5_blog\application\admin\controller\Login.php ]
[ info ] [ VIEW ] E:\wamp64\www\tp5_blog\public/../application/admin\view\login\login.html [ array (
) ]
[ info ] [ LOG ] INIT File
---------------------------------------------------------------
[ 2019-04-08T21:39:13+08:00 ] 127.0.0.1 127.0.0.1 GET /captcha.html
[ info ] www.mytp5_blog.com/captcha.html [运行时间：0.024310s][吞吐率：41.14req/s] [内存消耗：317.87kb] [文件加载：41]
[ info ] [ LANG ] E:\wamp64\www\tp5_blog\thinkphp\lang\zh-cn.php
[ info ] [ ROUTE ] array (
  'type' => 'method',
  'method' => 
  array (
    0 => '\\think\\captcha\\CaptchaController',
    1 => 'index',
  ),
  'var' => 
  array (
  ),
)
[ info ] [ HEADER ] array (
  'host' => 'www.mytp5_blog.com',
  'connection' => 'keep-alive',
  'user-agent' => 'Mozilla/5.0 (Windows NT 10.0; Win64; x64) AppleWebKit/537.36 (KHTML, like Gecko) Chrome/72.0.3626.121 Safari/537.36',
  'accept' => 'image/webp,image/apng,image/*,*/*;q=0.8',
  'referer' => 'http://www.mytp5_blog.com/admin/login/login.html',
  'accept-encoding' => 'gzip, deflate',
  'accept-language' => 'zh-CN,zh;q=0.9',
  'cookie' => 'thinkphp_show_page_trace=0|0; PHPSESSID=8o65srunqsvk8fp375cmd1lncj',
)
[ info ] [ PARAM ] array (
  'id' => NULL,
)
[ info ] [ RUN ] think\captcha\CaptchaController->index[ E:\wamp64\www\tp5_blog\vendor\topthink\think-captcha\src\CaptchaController.php ]
[ info ] [ SESSION ] INIT array (
  'id' => '',
  'var_session_id' => '',
  'prefix' => 'think',
  'type' => '',
  'auto_start' => true,
)
[ info ] [ LOG ] INIT File
---------------------------------------------------------------
[ 2019-04-08T21:39:19+08:00 ] 127.0.0.1 127.0.0.1 GET /captcha.html?0.07570395768174198
[ info ] www.mytp5_blog.com/captcha.html?0.07570395768174198 [运行时间：0.015258s][吞吐率：65.54req/s] [内存消耗：318.08kb] [文件加载：41]
[ info ] [ LANG ] E:\wamp64\www\tp5_blog\thinkphp\lang\zh-cn.php
[ info ] [ ROUTE ] array (
  'type' => 'method',
  'method' => 
  array (
    0 => '\\think\\captcha\\CaptchaController',
    1 => 'index',
  ),
  'var' => 
  array (
  ),
)
[ info ] [ HEADER ] array (
  'host' => 'www.mytp5_blog.com',
  'connection' => 'keep-alive',
  'user-agent' => 'Mozilla/5.0 (Windows NT 10.0; Win64; x64) AppleWebKit/537.36 (KHTML, like Gecko) Chrome/72.0.3626.121 Safari/537.36',
  'accept' => 'image/webp,image/apng,image/*,*/*;q=0.8',
  'referer' => 'http://www.mytp5_blog.com/admin/login/login.html',
  'accept-encoding' => 'gzip, deflate',
  'accept-language' => 'zh-CN,zh;q=0.9',
  'cookie' => 'thinkphp_show_page_trace=0|0; PHPSESSID=8o65srunqsvk8fp375cmd1lncj',
)
[ info ] [ PARAM ] array (
  '0_07570395768174198' => '',
  'id' => NULL,
)
[ info ] [ RUN ] think\captcha\CaptchaController->index[ E:\wamp64\www\tp5_blog\vendor\topthink\think-captcha\src\CaptchaController.php ]
[ info ] [ SESSION ] INIT array (
  'id' => '',
  'var_session_id' => '',
  'prefix' => 'think',
  'type' => '',
  'auto_start' => true,
)
[ info ] [ LOG ] INIT File
---------------------------------------------------------------
[ 2019-04-08T21:39:27+08:00 ] 127.0.0.1 127.0.0.1 POST /admin/login/login.html
[ info ] www.mytp5_blog.com/admin/login/login.html [运行时间：0.031826s][吞吐率：31.42req/s] [内存消耗：470.36kb] [文件加载：62]
[ info ] [ LANG ] E:\wamp64\www\tp5_blog\thinkphp\lang\zh-cn.php
[ info ] [ ROUTE ] array (
  'type' => 'module',
  'module' => 
  array (
    0 => 'admin',
    1 => 'login',
    2 => 'login',
  ),
)
[ info ] [ HEADER ] array (
  'host' => 'www.mytp5_blog.com',
  'connection' => 'keep-alive',
  'content-length' => '33',
  'cache-control' => 'max-age=0',
  'origin' => 'http://www.mytp5_blog.com',
  'upgrade-insecure-requests' => '1',
  'content-type' => 'application/x-www-form-urlencoded',
  'user-agent' => 'Mozilla/5.0 (Windows NT 10.0; Win64; x64) AppleWebKit/537.36 (KHTML, like Gecko) Chrome/72.0.3626.121 Safari/537.36',
  'accept' => 'text/html,application/xhtml+xml,application/xml;q=0.9,image/webp,image/apng,*/*;q=0.8',
  'referer' => 'http://www.mytp5_blog.com/admin/login/login.html',
  'accept-encoding' => 'gzip, deflate',
  'accept-language' => 'zh-CN,zh;q=0.9',
  'cookie' => 'thinkphp_show_page_trace=0|0; thinkphp_show_page_trace=0|0; PHPSESSID=8o65srunqsvk8fp375cmd1lncj',
)
[ info ] [ PARAM ] array (
  'username' => 'admin888',
  'pwd' => '1',
  'code' => '3g4n',
)
[ info ] [ RUN ] app\admin\controller\Login->login[ E:\wamp64\www\tp5_blog\application\admin\controller\Login.php ]
[ info ] [ DB ] INIT mysql
[ info ] [ SESSION ] INIT array (
  'id' => '',
  'var_session_id' => '',
  'prefix' => 'think',
  'type' => '',
  'auto_start' => true,
)
[ info ] [ VIEW ] E:\wamp64\www\tp5_blog\thinkphp\tpl\dispatch_jump.tpl [ array (
  0 => 'code',
  1 => 'msg',
  2 => 'data',
  3 => 'url',
  4 => 'wait',
) ]
[ info ] [ LOG ] INIT File
---------------------------------------------------------------
[ 2019-04-08T21:39:34+08:00 ] 127.0.0.1 127.0.0.1 GET /admin/login/login.html
[ info ] www.mytp5_blog.com/admin/login/login.html [运行时间：0.052136s][吞吐率：19.18req/s] [内存消耗：345.85kb] [文件加载：53]
[ info ] [ LANG ] E:\wamp64\www\tp5_blog\thinkphp\lang\zh-cn.php
[ info ] [ ROUTE ] array (
  'type' => 'module',
  'module' => 
  array (
    0 => 'admin',
    1 => 'login',
    2 => 'login',
  ),
)
[ info ] [ HEADER ] array (
  'host' => 'www.mytp5_blog.com',
  'connection' => 'keep-alive',
  'upgrade-insecure-requests' => '1',
  'user-agent' => 'Mozilla/5.0 (Windows NT 10.0; Win64; x64) AppleWebKit/537.36 (KHTML, like Gecko) Chrome/72.0.3626.121 Safari/537.36',
  'accept' => 'text/html,application/xhtml+xml,application/xml;q=0.9,image/webp,image/apng,*/*;q=0.8',
  'accept-encoding' => 'gzip, deflate',
  'accept-language' => 'zh-CN,zh;q=0.9',
  'cookie' => 'thinkphp_show_page_trace=0|0; thinkphp_show_page_trace=0|0; PHPSESSID=8o65srunqsvk8fp375cmd1lncj',
)
[ info ] [ PARAM ] array (
)
[ info ] [ RUN ] app\admin\controller\Login->login[ E:\wamp64\www\tp5_blog\application\admin\controller\Login.php ]
[ info ] [ VIEW ] E:\wamp64\www\tp5_blog\public/../application/admin\view\login\login.html [ array (
) ]
[ info ] [ LOG ] INIT File
---------------------------------------------------------------
[ 2019-04-08T21:39:34+08:00 ] 127.0.0.1 127.0.0.1 GET /captcha.html
[ info ] www.mytp5_blog.com/captcha.html [运行时间：0.033201s][吞吐率：30.12req/s] [内存消耗：318.02kb] [文件加载：41]
[ info ] [ LANG ] E:\wamp64\www\tp5_blog\thinkphp\lang\zh-cn.php
[ info ] [ ROUTE ] array (
  'type' => 'method',
  'method' => 
  array (
    0 => '\\think\\captcha\\CaptchaController',
    1 => 'index',
  ),
  'var' => 
  array (
  ),
)
[ info ] [ HEADER ] array (
  'host' => 'www.mytp5_blog.com',
  'connection' => 'keep-alive',
  'user-agent' => 'Mozilla/5.0 (Windows NT 10.0; Win64; x64) AppleWebKit/537.36 (KHTML, like Gecko) Chrome/72.0.3626.121 Safari/537.36',
  'accept' => 'image/webp,image/apng,image/*,*/*;q=0.8',
  'referer' => 'http://www.mytp5_blog.com/admin/login/login.html',
  'accept-encoding' => 'gzip, deflate',
  'accept-language' => 'zh-CN,zh;q=0.9',
  'cookie' => 'thinkphp_show_page_trace=0|0; PHPSESSID=8o65srunqsvk8fp375cmd1lncj',
)
[ info ] [ PARAM ] array (
  'id' => NULL,
)
[ info ] [ RUN ] think\captcha\CaptchaController->index[ E:\wamp64\www\tp5_blog\vendor\topthink\think-captcha\src\CaptchaController.php ]
[ info ] [ SESSION ] INIT array (
  'id' => '',
  'var_session_id' => '',
  'prefix' => 'think',
  'type' => '',
  'auto_start' => true,
)
[ info ] [ LOG ] INIT File
---------------------------------------------------------------
[ 2019-04-08T21:40:00+08:00 ] 127.0.0.1 127.0.0.1 GET /captcha.html?0.27031918164512336
[ info ] www.mytp5_blog.com/captcha.html?0.27031918164512336 [运行时间：0.018899s][吞吐率：52.91req/s] [内存消耗：318.08kb] [文件加载：41]
[ info ] [ LANG ] E:\wamp64\www\tp5_blog\thinkphp\lang\zh-cn.php
[ info ] [ ROUTE ] array (
  'type' => 'method',
  'method' => 
  array (
    0 => '\\think\\captcha\\CaptchaController',
    1 => 'index',
  ),
  'var' => 
  array (
  ),
)
[ info ] [ HEADER ] array (
  'host' => 'www.mytp5_blog.com',
  'connection' => 'keep-alive',
  'user-agent' => 'Mozilla/5.0 (Windows NT 10.0; Win64; x64) AppleWebKit/537.36 (KHTML, like Gecko) Chrome/72.0.3626.121 Safari/537.36',
  'accept' => 'image/webp,image/apng,image/*,*/*;q=0.8',
  'referer' => 'http://www.mytp5_blog.com/admin/login/login.html',
  'accept-encoding' => 'gzip, deflate',
  'accept-language' => 'zh-CN,zh;q=0.9',
  'cookie' => 'thinkphp_show_page_trace=0|0; PHPSESSID=8o65srunqsvk8fp375cmd1lncj',
)
[ info ] [ PARAM ] array (
  '0_27031918164512336' => '',
  'id' => NULL,
)
[ info ] [ RUN ] think\captcha\CaptchaController->index[ E:\wamp64\www\tp5_blog\vendor\topthink\think-captcha\src\CaptchaController.php ]
[ info ] [ SESSION ] INIT array (
  'id' => '',
  'var_session_id' => '',
  'prefix' => 'think',
  'type' => '',
  'auto_start' => true,
)
[ info ] [ LOG ] INIT File
---------------------------------------------------------------
[ 2019-04-08T21:40:07+08:00 ] 127.0.0.1 127.0.0.1 POST /admin/login/login.html
[ info ] www.mytp5_blog.com/admin/login/login.html [运行时间：0.042468s][吞吐率：23.55req/s] [内存消耗：506.34kb] [文件加载：64]
[ info ] [ LANG ] E:\wamp64\www\tp5_blog\thinkphp\lang\zh-cn.php
[ info ] [ ROUTE ] array (
  'type' => 'module',
  'module' => 
  array (
    0 => 'admin',
    1 => 'login',
    2 => 'login',
  ),
)
[ info ] [ HEADER ] array (
  'host' => 'www.mytp5_blog.com',
  'connection' => 'keep-alive',
  'content-length' => '33',
  'cache-control' => 'max-age=0',
  'origin' => 'http://www.mytp5_blog.com',
  'upgrade-insecure-requests' => '1',
  'content-type' => 'application/x-www-form-urlencoded',
  'user-agent' => 'Mozilla/5.0 (Windows NT 10.0; Win64; x64) AppleWebKit/537.36 (KHTML, like Gecko) Chrome/72.0.3626.121 Safari/537.36',
  'accept' => 'text/html,application/xhtml+xml,application/xml;q=0.9,image/webp,image/apng,*/*;q=0.8',
  'referer' => 'http://www.mytp5_blog.com/admin/login/login.html',
  'accept-encoding' => 'gzip, deflate',
  'accept-language' => 'zh-CN,zh;q=0.9',
  'cookie' => 'thinkphp_show_page_trace=0|0; thinkphp_show_page_trace=0|0; PHPSESSID=8o65srunqsvk8fp375cmd1lncj',
)
[ info ] [ PARAM ] array (
  'username' => 'admin888',
  'pwd' => 's',
  'code' => 'fycg',
)
[ info ] [ RUN ] app\admin\controller\Login->login[ E:\wamp64\www\tp5_blog\application\admin\controller\Login.php ]
[ info ] [ DB ] INIT mysql
[ info ] [ SESSION ] INIT array (
  'id' => '',
  'var_session_id' => '',
  'prefix' => 'think',
  'type' => '',
  'auto_start' => true,
)
[ info ] [ LOG ] INIT File
[ error ] [8]未定义数组索引: pwd[E:\wamp64\www\tp5_blog\application\admin\controller\Login.php:20]
---------------------------------------------------------------
[ 2019-04-08T21:41:15+08:00 ] 127.0.0.1 127.0.0.1 POST /admin/login/login.html
[ info ] www.mytp5_blog.com/admin/login/login.html [运行时间：0.048183s][吞吐率：20.75req/s] [内存消耗：506.13kb] [文件加载：64]
[ info ] [ LANG ] E:\wamp64\www\tp5_blog\thinkphp\lang\zh-cn.php
[ info ] [ ROUTE ] array (
  'type' => 'module',
  'module' => 
  array (
    0 => 'admin',
    1 => 'login',
    2 => 'login',
  ),
)
[ info ] [ HEADER ] array (
  'host' => 'www.mytp5_blog.com',
  'connection' => 'keep-alive',
  'content-length' => '33',
  'cache-control' => 'max-age=0',
  'upgrade-insecure-requests' => '1',
  'user-agent' => 'Mozilla/5.0 (Windows NT 10.0; Win64; x64) AppleWebKit/537.36 (KHTML, like Gecko) Chrome/72.0.3626.121 Safari/537.36',
  'origin' => 'http://www.mytp5_blog.com',
  'content-type' => 'application/x-www-form-urlencoded',
  'accept' => 'text/html,application/xhtml+xml,application/xml;q=0.9,image/webp,image/apng,*/*;q=0.8',
  'referer' => 'http://www.mytp5_blog.com/admin/login/login.html',
  'accept-encoding' => 'gzip, deflate',
  'accept-language' => 'zh-CN,zh;q=0.9',
  'cookie' => 'thinkphp_show_page_trace=0|0; thinkphp_show_page_trace=0|0; PHPSESSID=8o65srunqsvk8fp375cmd1lncj',
)
[ info ] [ PARAM ] array (
  'username' => 'admin888',
  'pwd' => 's',
  'code' => 'fycg',
)
[ info ] [ RUN ] app\admin\controller\Login->login[ E:\wamp64\www\tp5_blog\application\admin\controller\Login.php ]
[ info ] [ DB ] INIT mysql
[ info ] [ SESSION ] INIT array (
  'id' => '',
  'var_session_id' => '',
  'prefix' => 'think',
  'type' => '',
  'auto_start' => true,
)
[ info ] [ LOG ] INIT File
[ error ] [8]未定义数组索引: pwd[E:\wamp64\www\tp5_blog\application\admin\controller\Login.php:20]
---------------------------------------------------------------
[ 2019-04-08T21:41:19+08:00 ] 127.0.0.1 127.0.0.1 GET /captcha.html
[ info ] www.mytp5_blog.com/captcha.html [运行时间：0.025678s][吞吐率：38.94req/s] [内存消耗：318.02kb] [文件加载：41]
[ info ] [ LANG ] E:\wamp64\www\tp5_blog\thinkphp\lang\zh-cn.php
[ info ] [ ROUTE ] array (
  'type' => 'method',
  'method' => 
  array (
    0 => '\\think\\captcha\\CaptchaController',
    1 => 'index',
  ),
  'var' => 
  array (
  ),
)
[ info ] [ HEADER ] array (
  'host' => 'www.mytp5_blog.com',
  'connection' => 'keep-alive',
  'user-agent' => 'Mozilla/5.0 (Windows NT 10.0; Win64; x64) AppleWebKit/537.36 (KHTML, like Gecko) Chrome/72.0.3626.121 Safari/537.36',
  'accept' => 'image/webp,image/apng,image/*,*/*;q=0.8',
  'referer' => 'http://www.mytp5_blog.com/admin/login/login.html',
  'accept-encoding' => 'gzip, deflate',
  'accept-language' => 'zh-CN,zh;q=0.9',
  'cookie' => 'thinkphp_show_page_trace=0|0; PHPSESSID=8o65srunqsvk8fp375cmd1lncj',
)
[ info ] [ PARAM ] array (
  'id' => NULL,
)
[ info ] [ RUN ] think\captcha\CaptchaController->index[ E:\wamp64\www\tp5_blog\vendor\topthink\think-captcha\src\CaptchaController.php ]
[ info ] [ SESSION ] INIT array (
  'id' => '',
  'var_session_id' => '',
  'prefix' => 'think',
  'type' => '',
  'auto_start' => true,
)
[ info ] [ LOG ] INIT File
---------------------------------------------------------------
[ 2019-04-08T21:41:21+08:00 ] 127.0.0.1 127.0.0.1 GET /captcha.html?0.27269036860056817
[ info ] www.mytp5_blog.com/captcha.html?0.27269036860056817 [运行时间：0.020761s][吞吐率：48.17req/s] [内存消耗：318.08kb] [文件加载：41]
[ info ] [ LANG ] E:\wamp64\www\tp5_blog\thinkphp\lang\zh-cn.php
[ info ] [ ROUTE ] array (
  'type' => 'method',
  'method' => 
  array (
    0 => '\\think\\captcha\\CaptchaController',
    1 => 'index',
  ),
  'var' => 
  array (
  ),
)
[ info ] [ HEADER ] array (
  'host' => 'www.mytp5_blog.com',
  'connection' => 'keep-alive',
  'user-agent' => 'Mozilla/5.0 (Windows NT 10.0; Win64; x64) AppleWebKit/537.36 (KHTML, like Gecko) Chrome/72.0.3626.121 Safari/537.36',
  'accept' => 'image/webp,image/apng,image/*,*/*;q=0.8',
  'referer' => 'http://www.mytp5_blog.com/admin/login/login.html',
  'accept-encoding' => 'gzip, deflate',
  'accept-language' => 'zh-CN,zh;q=0.9',
  'cookie' => 'thinkphp_show_page_trace=0|0; PHPSESSID=8o65srunqsvk8fp375cmd1lncj',
)
[ info ] [ PARAM ] array (
  '0_27269036860056817' => '',
  'id' => NULL,
)
[ info ] [ RUN ] think\captcha\CaptchaController->index[ E:\wamp64\www\tp5_blog\vendor\topthink\think-captcha\src\CaptchaController.php ]
[ info ] [ SESSION ] INIT array (
  'id' => '',
  'var_session_id' => '',
  'prefix' => 'think',
  'type' => '',
  'auto_start' => true,
)
[ info ] [ LOG ] INIT File
---------------------------------------------------------------
[ 2019-04-08T21:41:22+08:00 ] 127.0.0.1 127.0.0.1 GET /captcha.html?0.27269036860056817?0.8030812958176696
[ info ] www.mytp5_blog.com/captcha.html?0.27269036860056817?0.8030812958176696 [运行时间：0.015763s][吞吐率：63.44req/s] [内存消耗：318.11kb] [文件加载：41]
[ info ] [ LANG ] E:\wamp64\www\tp5_blog\thinkphp\lang\zh-cn.php
[ info ] [ ROUTE ] array (
  'type' => 'method',
  'method' => 
  array (
    0 => '\\think\\captcha\\CaptchaController',
    1 => 'index',
  ),
  'var' => 
  array (
  ),
)
[ info ] [ HEADER ] array (
  'host' => 'www.mytp5_blog.com',
  'connection' => 'keep-alive',
  'user-agent' => 'Mozilla/5.0 (Windows NT 10.0; Win64; x64) AppleWebKit/537.36 (KHTML, like Gecko) Chrome/72.0.3626.121 Safari/537.36',
  'accept' => 'image/webp,image/apng,image/*,*/*;q=0.8',
  'referer' => 'http://www.mytp5_blog.com/admin/login/login.html',
  'accept-encoding' => 'gzip, deflate',
  'accept-language' => 'zh-CN,zh;q=0.9',
  'cookie' => 'thinkphp_show_page_trace=0|0; PHPSESSID=8o65srunqsvk8fp375cmd1lncj',
)
[ info ] [ PARAM ] array (
  '0_27269036860056817?0_8030812958176696' => '',
  'id' => NULL,
)
[ info ] [ RUN ] think\captcha\CaptchaController->index[ E:\wamp64\www\tp5_blog\vendor\topthink\think-captcha\src\CaptchaController.php ]
[ info ] [ SESSION ] INIT array (
  'id' => '',
  'var_session_id' => '',
  'prefix' => 'think',
  'type' => '',
  'auto_start' => true,
)
[ info ] [ LOG ] INIT File
---------------------------------------------------------------
[ 2019-04-08T21:41:28+08:00 ] 127.0.0.1 127.0.0.1 POST /admin/login/login.html
[ info ] www.mytp5_blog.com/admin/login/login.html [运行时间：0.061730s][吞吐率：16.20req/s] [内存消耗：577.93kb] [文件加载：65]
[ info ] [ LANG ] E:\wamp64\www\tp5_blog\thinkphp\lang\zh-cn.php
[ info ] [ ROUTE ] array (
  'type' => 'module',
  'module' => 
  array (
    0 => 'admin',
    1 => 'login',
    2 => 'login',
  ),
)
[ info ] [ HEADER ] array (
  'host' => 'www.mytp5_blog.com',
  'connection' => 'keep-alive',
  'content-length' => '33',
  'cache-control' => 'max-age=0',
  'origin' => 'http://www.mytp5_blog.com',
  'upgrade-insecure-requests' => '1',
  'content-type' => 'application/x-www-form-urlencoded',
  'user-agent' => 'Mozilla/5.0 (Windows NT 10.0; Win64; x64) AppleWebKit/537.36 (KHTML, like Gecko) Chrome/72.0.3626.121 Safari/537.36',
  'accept' => 'text/html,application/xhtml+xml,application/xml;q=0.9,image/webp,image/apng,*/*;q=0.8',
  'referer' => 'http://www.mytp5_blog.com/admin/login/login.html',
  'accept-encoding' => 'gzip, deflate',
  'accept-language' => 'zh-CN,zh;q=0.9',
  'cookie' => 'thinkphp_show_page_trace=0|0; thinkphp_show_page_trace=0|0; PHPSESSID=8o65srunqsvk8fp375cmd1lncj',
)
[ info ] [ PARAM ] array (
  'username' => 'admin888',
  'pwd' => 's',
  'code' => 'muld',
)
[ info ] [ RUN ] app\admin\controller\Login->login[ E:\wamp64\www\tp5_blog\application\admin\controller\Login.php ]
[ info ] [ DB ] INIT mysql
[ info ] [ SESSION ] INIT array (
  'id' => '',
  'var_session_id' => '',
  'prefix' => 'think',
  'type' => '',
  'auto_start' => true,
)
[ info ] [ LOG ] INIT File
[ sql ] [ DB ] CONNECT:[ UseTime:0.012733s ] mysql:host=localhost;port=3306;dbname=blog_tp5;charset=utf8
[ sql ] [ SQL ] SHOW COLUMNS FROM `blog_admin` [ RunTime:0.009993s ]
[ sql ] [ SQL ] SELECT * FROM `blog_admin` WHERE  `username` = 'admin888'  AND `pwd` = 'g2caJkMxWzalaajXGR6grQ==' LIMIT 1 [ RunTime:0.000555s ]
[ error ] [8]未定义数组索引: pwd[E:\wamp64\www\tp5_blog\application\admin\controller\Login.php:20]
---------------------------------------------------------------
[ 2019-04-08T21:41:43+08:00 ] 127.0.0.1 127.0.0.1 POST /admin/login/login.html
[ info ] www.mytp5_blog.com/admin/login/login.html [运行时间：0.056521s][吞吐率：17.69req/s] [内存消耗：470.41kb] [文件加载：62]
[ info ] [ LANG ] E:\wamp64\www\tp5_blog\thinkphp\lang\zh-cn.php
[ info ] [ ROUTE ] array (
  'type' => 'module',
  'module' => 
  array (
    0 => 'admin',
    1 => 'login',
    2 => 'login',
  ),
)
[ info ] [ HEADER ] array (
  'host' => 'www.mytp5_blog.com',
  'connection' => 'keep-alive',
  'content-length' => '33',
  'cache-control' => 'max-age=0',
  'upgrade-insecure-requests' => '1',
  'user-agent' => 'Mozilla/5.0 (Windows NT 10.0; Win64; x64) AppleWebKit/537.36 (KHTML, like Gecko) Chrome/72.0.3626.121 Safari/537.36',
  'origin' => 'http://www.mytp5_blog.com',
  'content-type' => 'application/x-www-form-urlencoded',
  'accept' => 'text/html,application/xhtml+xml,application/xml;q=0.9,image/webp,image/apng,*/*;q=0.8',
  'referer' => 'http://www.mytp5_blog.com/admin/login/login.html',
  'accept-encoding' => 'gzip, deflate',
  'accept-language' => 'zh-CN,zh;q=0.9',
  'cookie' => 'thinkphp_show_page_trace=0|0; thinkphp_show_page_trace=0|0; PHPSESSID=8o65srunqsvk8fp375cmd1lncj',
)
[ info ] [ PARAM ] array (
  'username' => 'admin888',
  'pwd' => 's',
  'code' => 'muld',
)
[ info ] [ RUN ] app\admin\controller\Login->login[ E:\wamp64\www\tp5_blog\application\admin\controller\Login.php ]
[ info ] [ DB ] INIT mysql
[ info ] [ SESSION ] INIT array (
  'id' => '',
  'var_session_id' => '',
  'prefix' => 'think',
  'type' => '',
  'auto_start' => true,
)
[ info ] [ VIEW ] E:\wamp64\www\tp5_blog\thinkphp\tpl\dispatch_jump.tpl [ array (
  0 => 'code',
  1 => 'msg',
  2 => 'data',
  3 => 'url',
  4 => 'wait',
) ]
[ info ] [ LOG ] INIT File
---------------------------------------------------------------
[ 2019-04-08T21:41:47+08:00 ] 127.0.0.1 127.0.0.1 GET /admin/login/login.html
[ info ] www.mytp5_blog.com/admin/login/login.html [运行时间：0.061651s][吞吐率：16.22req/s] [内存消耗：345.85kb] [文件加载：53]
[ info ] [ LANG ] E:\wamp64\www\tp5_blog\thinkphp\lang\zh-cn.php
[ info ] [ ROUTE ] array (
  'type' => 'module',
  'module' => 
  array (
    0 => 'admin',
    1 => 'login',
    2 => 'login',
  ),
)
[ info ] [ HEADER ] array (
  'host' => 'www.mytp5_blog.com',
  'connection' => 'keep-alive',
  'upgrade-insecure-requests' => '1',
  'user-agent' => 'Mozilla/5.0 (Windows NT 10.0; Win64; x64) AppleWebKit/537.36 (KHTML, like Gecko) Chrome/72.0.3626.121 Safari/537.36',
  'accept' => 'text/html,application/xhtml+xml,application/xml;q=0.9,image/webp,image/apng,*/*;q=0.8',
  'accept-encoding' => 'gzip, deflate',
  'accept-language' => 'zh-CN,zh;q=0.9',
  'cookie' => 'thinkphp_show_page_trace=0|0; thinkphp_show_page_trace=0|0; PHPSESSID=8o65srunqsvk8fp375cmd1lncj',
)
[ info ] [ PARAM ] array (
)
[ info ] [ RUN ] app\admin\controller\Login->login[ E:\wamp64\www\tp5_blog\application\admin\controller\Login.php ]
[ info ] [ VIEW ] E:\wamp64\www\tp5_blog\public/../application/admin\view\login\login.html [ array (
) ]
[ info ] [ LOG ] INIT File
---------------------------------------------------------------
[ 2019-04-08T21:41:47+08:00 ] 127.0.0.1 127.0.0.1 GET /captcha.html
[ info ] www.mytp5_blog.com/captcha.html [运行时间：0.019782s][吞吐率：50.55req/s] [内存消耗：317.87kb] [文件加载：41]
[ info ] [ LANG ] E:\wamp64\www\tp5_blog\thinkphp\lang\zh-cn.php
[ info ] [ ROUTE ] array (
  'type' => 'method',
  'method' => 
  array (
    0 => '\\think\\captcha\\CaptchaController',
    1 => 'index',
  ),
  'var' => 
  array (
  ),
)
[ info ] [ HEADER ] array (
  'host' => 'www.mytp5_blog.com',
  'connection' => 'keep-alive',
  'user-agent' => 'Mozilla/5.0 (Windows NT 10.0; Win64; x64) AppleWebKit/537.36 (KHTML, like Gecko) Chrome/72.0.3626.121 Safari/537.36',
  'accept' => 'image/webp,image/apng,image/*,*/*;q=0.8',
  'referer' => 'http://www.mytp5_blog.com/admin/login/login.html',
  'accept-encoding' => 'gzip, deflate',
  'accept-language' => 'zh-CN,zh;q=0.9',
  'cookie' => 'thinkphp_show_page_trace=0|0; PHPSESSID=8o65srunqsvk8fp375cmd1lncj',
)
[ info ] [ PARAM ] array (
  'id' => NULL,
)
[ info ] [ RUN ] think\captcha\CaptchaController->index[ E:\wamp64\www\tp5_blog\vendor\topthink\think-captcha\src\CaptchaController.php ]
[ info ] [ SESSION ] INIT array (
  'id' => '',
  'var_session_id' => '',
  'prefix' => 'think',
  'type' => '',
  'auto_start' => true,
)
[ info ] [ LOG ] INIT File
---------------------------------------------------------------
[ 2019-04-08T21:41:50+08:00 ] 127.0.0.1 127.0.0.1 GET /captcha.html?0.022143640101546014
[ info ] www.mytp5_blog.com/captcha.html?0.022143640101546014 [运行时间：0.013493s][吞吐率：74.11req/s] [内存消耗：318.08kb] [文件加载：41]
[ info ] [ LANG ] E:\wamp64\www\tp5_blog\thinkphp\lang\zh-cn.php
[ info ] [ ROUTE ] array (
  'type' => 'method',
  'method' => 
  array (
    0 => '\\think\\captcha\\CaptchaController',
    1 => 'index',
  ),
  'var' => 
  array (
  ),
)
[ info ] [ HEADER ] array (
  'host' => 'www.mytp5_blog.com',
  'connection' => 'keep-alive',
  'user-agent' => 'Mozilla/5.0 (Windows NT 10.0; Win64; x64) AppleWebKit/537.36 (KHTML, like Gecko) Chrome/72.0.3626.121 Safari/537.36',
  'accept' => 'image/webp,image/apng,image/*,*/*;q=0.8',
  'referer' => 'http://www.mytp5_blog.com/admin/login/login.html',
  'accept-encoding' => 'gzip, deflate',
  'accept-language' => 'zh-CN,zh;q=0.9',
  'cookie' => 'thinkphp_show_page_trace=0|0; PHPSESSID=8o65srunqsvk8fp375cmd1lncj',
)
[ info ] [ PARAM ] array (
  '0_022143640101546014' => '',
  'id' => NULL,
)
[ info ] [ RUN ] think\captcha\CaptchaController->index[ E:\wamp64\www\tp5_blog\vendor\topthink\think-captcha\src\CaptchaController.php ]
[ info ] [ SESSION ] INIT array (
  'id' => '',
  'var_session_id' => '',
  'prefix' => 'think',
  'type' => '',
  'auto_start' => true,
)
[ info ] [ LOG ] INIT File
---------------------------------------------------------------
[ 2019-04-08T21:41:51+08:00 ] 127.0.0.1 127.0.0.1 GET /captcha.html?0.022143640101546014?0.0733298596304619
[ info ] www.mytp5_blog.com/captcha.html?0.022143640101546014?0.0733298596304619 [运行时间：0.013591s][吞吐率：73.58req/s] [内存消耗：318.11kb] [文件加载：41]
[ info ] [ LANG ] E:\wamp64\www\tp5_blog\thinkphp\lang\zh-cn.php
[ info ] [ ROUTE ] array (
  'type' => 'method',
  'method' => 
  array (
    0 => '\\think\\captcha\\CaptchaController',
    1 => 'index',
  ),
  'var' => 
  array (
  ),
)
[ info ] [ HEADER ] array (
  'host' => 'www.mytp5_blog.com',
  'connection' => 'keep-alive',
  'user-agent' => 'Mozilla/5.0 (Windows NT 10.0; Win64; x64) AppleWebKit/537.36 (KHTML, like Gecko) Chrome/72.0.3626.121 Safari/537.36',
  'accept' => 'image/webp,image/apng,image/*,*/*;q=0.8',
  'referer' => 'http://www.mytp5_blog.com/admin/login/login.html',
  'accept-encoding' => 'gzip, deflate',
  'accept-language' => 'zh-CN,zh;q=0.9',
  'cookie' => 'thinkphp_show_page_trace=0|0; PHPSESSID=8o65srunqsvk8fp375cmd1lncj',
)
[ info ] [ PARAM ] array (
  '0_022143640101546014?0_0733298596304619' => '',
  'id' => NULL,
)
[ info ] [ RUN ] think\captcha\CaptchaController->index[ E:\wamp64\www\tp5_blog\vendor\topthink\think-captcha\src\CaptchaController.php ]
[ info ] [ SESSION ] INIT array (
  'id' => '',
  'var_session_id' => '',
  'prefix' => 'think',
  'type' => '',
  'auto_start' => true,
)
[ info ] [ LOG ] INIT File
---------------------------------------------------------------
[ 2019-04-08T21:41:58+08:00 ] 127.0.0.1 127.0.0.1 POST /admin/login/login.html
[ info ] www.mytp5_blog.com/admin/login/login.html [运行时间：0.036166s][吞吐率：27.65req/s] [内存消耗：600.38kb] [文件加载：63]
[ info ] [ LANG ] E:\wamp64\www\tp5_blog\thinkphp\lang\zh-cn.php
[ info ] [ ROUTE ] array (
  'type' => 'module',
  'module' => 
  array (
    0 => 'admin',
    1 => 'login',
    2 => 'login',
  ),
)
[ info ] [ HEADER ] array (
  'host' => 'www.mytp5_blog.com',
  'connection' => 'keep-alive',
  'content-length' => '33',
  'cache-control' => 'max-age=0',
  'origin' => 'http://www.mytp5_blog.com',
  'upgrade-insecure-requests' => '1',
  'content-type' => 'application/x-www-form-urlencoded',
  'user-agent' => 'Mozilla/5.0 (Windows NT 10.0; Win64; x64) AppleWebKit/537.36 (KHTML, like Gecko) Chrome/72.0.3626.121 Safari/537.36',
  'accept' => 'text/html,application/xhtml+xml,application/xml;q=0.9,image/webp,image/apng,*/*;q=0.8',
  'referer' => 'http://www.mytp5_blog.com/admin/login/login.html',
  'accept-encoding' => 'gzip, deflate',
  'accept-language' => 'zh-CN,zh;q=0.9',
  'cookie' => 'thinkphp_show_page_trace=0|0; thinkphp_show_page_trace=0|0; PHPSESSID=8o65srunqsvk8fp375cmd1lncj',
)
[ info ] [ PARAM ] array (
  'username' => 'admin888',
  'pwd' => '3',
  'code' => 'gmfp',
)
[ info ] [ RUN ] app\admin\controller\Login->login[ E:\wamp64\www\tp5_blog\application\admin\controller\Login.php ]
[ info ] [ DB ] INIT mysql
[ info ] [ SESSION ] INIT array (
  'id' => '',
  'var_session_id' => '',
  'prefix' => 'think',
  'type' => '',
  'auto_start' => true,
)
[ info ] [ VIEW ] E:\wamp64\www\tp5_blog\thinkphp\tpl\dispatch_jump.tpl [ array (
  0 => 'code',
  1 => 'msg',
  2 => 'data',
  3 => 'url',
  4 => 'wait',
) ]
[ info ] [ LOG ] INIT File
[ sql ] [ DB ] CONNECT:[ UseTime:0.001861s ] mysql:host=localhost;port=3306;dbname=blog_tp5;charset=utf8
[ sql ] [ SQL ] SHOW COLUMNS FROM `blog_admin` [ RunTime:0.004585s ]
[ sql ] [ SQL ] SELECT * FROM `blog_admin` WHERE  `username` = 'admin888'  AND `pwd` = 'RDm13Ycavk2LjR3FOQrO0g==' LIMIT 1 [ RunTime:0.001067s ]
---------------------------------------------------------------
[ 2019-04-08T21:42:04+08:00 ] 127.0.0.1 127.0.0.1 GET /admin/login/login.html
[ info ] www.mytp5_blog.com/admin/login/login.html [运行时间：0.025033s][吞吐率：39.95req/s] [内存消耗：345.85kb] [文件加载：53]
[ info ] [ LANG ] E:\wamp64\www\tp5_blog\thinkphp\lang\zh-cn.php
[ info ] [ ROUTE ] array (
  'type' => 'module',
  'module' => 
  array (
    0 => 'admin',
    1 => 'login',
    2 => 'login',
  ),
)
[ info ] [ HEADER ] array (
  'host' => 'www.mytp5_blog.com',
  'connection' => 'keep-alive',
  'upgrade-insecure-requests' => '1',
  'user-agent' => 'Mozilla/5.0 (Windows NT 10.0; Win64; x64) AppleWebKit/537.36 (KHTML, like Gecko) Chrome/72.0.3626.121 Safari/537.36',
  'accept' => 'text/html,application/xhtml+xml,application/xml;q=0.9,image/webp,image/apng,*/*;q=0.8',
  'accept-encoding' => 'gzip, deflate',
  'accept-language' => 'zh-CN,zh;q=0.9',
  'cookie' => 'thinkphp_show_page_trace=0|0; thinkphp_show_page_trace=0|0; PHPSESSID=8o65srunqsvk8fp375cmd1lncj',
)
[ info ] [ PARAM ] array (
)
[ info ] [ RUN ] app\admin\controller\Login->login[ E:\wamp64\www\tp5_blog\application\admin\controller\Login.php ]
[ info ] [ VIEW ] E:\wamp64\www\tp5_blog\public/../application/admin\view\login\login.html [ array (
) ]
[ info ] [ LOG ] INIT File
---------------------------------------------------------------
[ 2019-04-08T21:42:04+08:00 ] 127.0.0.1 127.0.0.1 GET /captcha.html
[ info ] www.mytp5_blog.com/captcha.html [运行时间：0.017557s][吞吐率：56.96req/s] [内存消耗：317.87kb] [文件加载：41]
[ info ] [ LANG ] E:\wamp64\www\tp5_blog\thinkphp\lang\zh-cn.php
[ info ] [ ROUTE ] array (
  'type' => 'method',
  'method' => 
  array (
    0 => '\\think\\captcha\\CaptchaController',
    1 => 'index',
  ),
  'var' => 
  array (
  ),
)
[ info ] [ HEADER ] array (
  'host' => 'www.mytp5_blog.com',
  'connection' => 'keep-alive',
  'user-agent' => 'Mozilla/5.0 (Windows NT 10.0; Win64; x64) AppleWebKit/537.36 (KHTML, like Gecko) Chrome/72.0.3626.121 Safari/537.36',
  'accept' => 'image/webp,image/apng,image/*,*/*;q=0.8',
  'referer' => 'http://www.mytp5_blog.com/admin/login/login.html',
  'accept-encoding' => 'gzip, deflate',
  'accept-language' => 'zh-CN,zh;q=0.9',
  'cookie' => 'thinkphp_show_page_trace=0|0; PHPSESSID=8o65srunqsvk8fp375cmd1lncj',
)
[ info ] [ PARAM ] array (
  'id' => NULL,
)
[ info ] [ RUN ] think\captcha\CaptchaController->index[ E:\wamp64\www\tp5_blog\vendor\topthink\think-captcha\src\CaptchaController.php ]
[ info ] [ SESSION ] INIT array (
  'id' => '',
  'var_session_id' => '',
  'prefix' => 'think',
  'type' => '',
  'auto_start' => true,
)
[ info ] [ LOG ] INIT File
---------------------------------------------------------------
[ 2019-04-08T21:42:24+08:00 ] 127.0.0.1 127.0.0.1 POST /admin/login/login.html
[ info ] www.mytp5_blog.com/admin/login/login.html [运行时间：0.044586s][吞吐率：22.43req/s] [内存消耗：602.76kb] [文件加载：64]
[ info ] [ LANG ] E:\wamp64\www\tp5_blog\thinkphp\lang\zh-cn.php
[ info ] [ ROUTE ] array (
  'type' => 'module',
  'module' => 
  array (
    0 => 'admin',
    1 => 'login',
    2 => 'login',
  ),
)
[ info ] [ HEADER ] array (
  'host' => 'www.mytp5_blog.com',
  'connection' => 'keep-alive',
  'content-length' => '40',
  'cache-control' => 'max-age=0',
  'origin' => 'http://www.mytp5_blog.com',
  'upgrade-insecure-requests' => '1',
  'content-type' => 'application/x-www-form-urlencoded',
  'user-agent' => 'Mozilla/5.0 (Windows NT 10.0; Win64; x64) AppleWebKit/537.36 (KHTML, like Gecko) Chrome/72.0.3626.121 Safari/537.36',
  'accept' => 'text/html,application/xhtml+xml,application/xml;q=0.9,image/webp,image/apng,*/*;q=0.8',
  'referer' => 'http://www.mytp5_blog.com/admin/login/login.html',
  'accept-encoding' => 'gzip, deflate',
  'accept-language' => 'zh-CN,zh;q=0.9',
  'cookie' => 'thinkphp_show_page_trace=0|0; thinkphp_show_page_trace=0|0; PHPSESSID=8o65srunqsvk8fp375cmd1lncj',
)
[ info ] [ PARAM ] array (
  'username' => 'admin888',
  'pwd' => 'admin999',
  'code' => 'GV3i',
)
[ info ] [ RUN ] app\admin\controller\Login->login[ E:\wamp64\www\tp5_blog\application\admin\controller\Login.php ]
[ info ] [ DB ] INIT mysql
[ info ] [ SESSION ] INIT array (
  'id' => '',
  'var_session_id' => '',
  'prefix' => 'think',
  'type' => '',
  'auto_start' => true,
)
[ info ] [ VIEW ] E:\wamp64\www\tp5_blog\thinkphp\tpl\dispatch_jump.tpl [ array (
  0 => 'code',
  1 => 'msg',
  2 => 'data',
  3 => 'url',
  4 => 'wait',
) ]
[ info ] [ LOG ] INIT File
[ sql ] [ DB ] CONNECT:[ UseTime:0.002620s ] mysql:host=localhost;port=3306;dbname=blog_tp5;charset=utf8
[ sql ] [ SQL ] SHOW COLUMNS FROM `blog_admin` [ RunTime:0.002291s ]
[ sql ] [ SQL ] SELECT * FROM `blog_admin` WHERE  `username` = 'admin888'  AND `pwd` = 'C78k+lLOnLvbI7lg6Og+Yw==' LIMIT 1 [ RunTime:0.001549s ]
---------------------------------------------------------------
[ 2019-04-08T21:42:27+08:00 ] 127.0.0.1 127.0.0.1 GET /admin/index/index.html
[ info ] www.mytp5_blog.com/admin/index/index.html [运行时间：0.144254s][吞吐率：6.93req/s] [内存消耗：385.98kb] [文件加载：56]
[ info ] [ LANG ] E:\wamp64\www\tp5_blog\thinkphp\lang\zh-cn.php
[ info ] [ ROUTE ] array (
  'type' => 'module',
  'module' => 
  array (
    0 => 'admin',
    1 => 'index',
    2 => 'index',
  ),
)
[ info ] [ HEADER ] array (
  'host' => 'www.mytp5_blog.com',
  'connection' => 'keep-alive',
  'upgrade-insecure-requests' => '1',
  'user-agent' => 'Mozilla/5.0 (Windows NT 10.0; Win64; x64) AppleWebKit/537.36 (KHTML, like Gecko) Chrome/72.0.3626.121 Safari/537.36',
  'accept' => 'text/html,application/xhtml+xml,application/xml;q=0.9,image/webp,image/apng,*/*;q=0.8',
  'referer' => 'http://www.mytp5_blog.com/admin/login/login.html',
  'accept-encoding' => 'gzip, deflate',
  'accept-language' => 'zh-CN,zh;q=0.9',
  'cookie' => 'thinkphp_show_page_trace=0|0; PHPSESSID=8o65srunqsvk8fp375cmd1lncj',
)
[ info ] [ PARAM ] array (
)
[ info ] [ SESSION ] INIT array (
  'id' => '',
  'var_session_id' => '',
  'prefix' => 'think',
  'type' => '',
  'auto_start' => true,
)
[ info ] [ RUN ] app\admin\controller\Index->index[ E:\wamp64\www\tp5_blog\application\admin\controller\Index.php ]
[ info ] [ VIEW ] E:\wamp64\www\tp5_blog\public/../application/admin\view\index\index.html [ array (
) ]
[ info ] [ LOG ] INIT File
---------------------------------------------------------------
[ 2019-04-08T21:42:32+08:00 ] 127.0.0.1 127.0.0.1 GET /admin/admin/index.html
[ info ] www.mytp5_blog.com/admin/admin/index.html [运行时间：0.202991s][吞吐率：4.93req/s] [内存消耗：666.08kb] [文件加载：66]
[ info ] [ LANG ] E:\wamp64\www\tp5_blog\thinkphp\lang\zh-cn.php
[ info ] [ ROUTE ] array (
  'type' => 'module',
  'module' => 
  array (
    0 => 'admin',
    1 => 'admin',
    2 => 'index',
  ),
)
[ info ] [ HEADER ] array (
  'host' => 'www.mytp5_blog.com',
  'connection' => 'keep-alive',
  'upgrade-insecure-requests' => '1',
  'user-agent' => 'Mozilla/5.0 (Windows NT 10.0; Win64; x64) AppleWebKit/537.36 (KHTML, like Gecko) Chrome/72.0.3626.121 Safari/537.36',
  'accept' => 'text/html,application/xhtml+xml,application/xml;q=0.9,image/webp,image/apng,*/*;q=0.8',
  'referer' => 'http://www.mytp5_blog.com/admin/index/index.html',
  'accept-encoding' => 'gzip, deflate',
  'accept-language' => 'zh-CN,zh;q=0.9',
  'cookie' => 'thinkphp_show_page_trace=0|0; PHPSESSID=8o65srunqsvk8fp375cmd1lncj',
)
[ info ] [ PARAM ] array (
)
[ info ] [ SESSION ] INIT array (
  'id' => '',
  'var_session_id' => '',
  'prefix' => 'think',
  'type' => '',
  'auto_start' => true,
)
[ info ] [ RUN ] app\admin\controller\Admin->index[ E:\wamp64\www\tp5_blog\application\admin\controller\Admin.php ]
[ info ] [ DB ] INIT mysql
[ info ] [ VIEW ] E:\wamp64\www\tp5_blog\public/../application/admin\view\admin\index.html [ array (
  0 => 'field',
) ]
[ info ] [ LOG ] INIT File
[ sql ] [ DB ] CONNECT:[ UseTime:0.012129s ] mysql:host=localhost;port=3306;dbname=blog_tp5;charset=utf8
[ sql ] [ SQL ] SHOW COLUMNS FROM `blog_admin` [ RunTime:0.003258s ]
[ sql ] [ SQL ] SELECT COUNT(*) AS tp_count FROM `blog_admin` LIMIT 1 [ RunTime:0.000334s ]
[ sql ] [ SQL ] SELECT * FROM `blog_admin` LIMIT 0,2 [ RunTime:0.000246s ]
---------------------------------------------------------------
[ 2019-04-08T21:42:37+08:00 ] 127.0.0.1 127.0.0.1 GET /admin/rules/index.html
[ info ] www.mytp5_blog.com/admin/rules/index.html [运行时间：0.170236s][吞吐率：5.87req/s] [内存消耗：569.90kb] [文件加载：63]
[ info ] [ LANG ] E:\wamp64\www\tp5_blog\thinkphp\lang\zh-cn.php
[ info ] [ ROUTE ] array (
  'type' => 'module',
  'module' => 
  array (
    0 => 'admin',
    1 => 'rules',
    2 => 'index',
  ),
)
[ info ] [ HEADER ] array (
  'host' => 'www.mytp5_blog.com',
  'connection' => 'keep-alive',
  'upgrade-insecure-requests' => '1',
  'user-agent' => 'Mozilla/5.0 (Windows NT 10.0; Win64; x64) AppleWebKit/537.36 (KHTML, like Gecko) Chrome/72.0.3626.121 Safari/537.36',
  'accept' => 'text/html,application/xhtml+xml,application/xml;q=0.9,image/webp,image/apng,*/*;q=0.8',
  'referer' => 'http://www.mytp5_blog.com/admin/admin/index.html',
  'accept-encoding' => 'gzip, deflate',
  'accept-language' => 'zh-CN,zh;q=0.9',
  'cookie' => 'thinkphp_show_page_trace=0|0; PHPSESSID=8o65srunqsvk8fp375cmd1lncj',
)
[ info ] [ PARAM ] array (
)
[ info ] [ SESSION ] INIT array (
  'id' => '',
  'var_session_id' => '',
  'prefix' => 'think',
  'type' => '',
  'auto_start' => true,
)
[ info ] [ RUN ] app\admin\controller\Rules->index[ E:\wamp64\www\tp5_blog\application\admin\controller\Rules.php ]
[ info ] [ DB ] INIT mysql
[ info ] [ VIEW ] E:\wamp64\www\tp5_blog\public/../application/admin\view\rules\index.html [ array (
  0 => 'field',
) ]
[ info ] [ LOG ] INIT File
[ sql ] [ DB ] CONNECT:[ UseTime:0.001860s ] mysql:host=localhost;port=3306;dbname=blog_tp5;charset=utf8
[ sql ] [ SQL ] SHOW COLUMNS FROM `blog_auth_rule` [ RunTime:0.004898s ]
[ sql ] [ SQL ] SELECT * FROM `blog_auth_rule` [ RunTime:0.001180s ]
---------------------------------------------------------------
[ 2019-04-08T21:42:40+08:00 ] 127.0.0.1 127.0.0.1 GET /admin/group/index.html
[ info ] www.mytp5_blog.com/admin/group/index.html [运行时间：0.137108s][吞吐率：7.29req/s] [内存消耗：666.54kb] [文件加载：66]
[ info ] [ LANG ] E:\wamp64\www\tp5_blog\thinkphp\lang\zh-cn.php
[ info ] [ ROUTE ] array (
  'type' => 'module',
  'module' => 
  array (
    0 => 'admin',
    1 => 'group',
    2 => 'index',
  ),
)
[ info ] [ HEADER ] array (
  'host' => 'www.mytp5_blog.com',
  'connection' => 'keep-alive',
  'upgrade-insecure-requests' => '1',
  'user-agent' => 'Mozilla/5.0 (Windows NT 10.0; Win64; x64) AppleWebKit/537.36 (KHTML, like Gecko) Chrome/72.0.3626.121 Safari/537.36',
  'accept' => 'text/html,application/xhtml+xml,application/xml;q=0.9,image/webp,image/apng,*/*;q=0.8',
  'referer' => 'http://www.mytp5_blog.com/admin/rules/index.html',
  'accept-encoding' => 'gzip, deflate',
  'accept-language' => 'zh-CN,zh;q=0.9',
  'cookie' => 'thinkphp_show_page_trace=0|0; PHPSESSID=8o65srunqsvk8fp375cmd1lncj',
)
[ info ] [ PARAM ] array (
)
[ info ] [ SESSION ] INIT array (
  'id' => '',
  'var_session_id' => '',
  'prefix' => 'think',
  'type' => '',
  'auto_start' => true,
)
[ info ] [ RUN ] app\admin\controller\Group->index[ E:\wamp64\www\tp5_blog\application\admin\controller\Group.php ]
[ info ] [ DB ] INIT mysql
[ info ] [ VIEW ] E:\wamp64\www\tp5_blog\public/../application/admin\view\group\index.html [ array (
  0 => 'field',
) ]
[ info ] [ LOG ] INIT File
[ sql ] [ DB ] CONNECT:[ UseTime:0.001971s ] mysql:host=localhost;port=3306;dbname=blog_tp5;charset=utf8
[ sql ] [ SQL ] SHOW COLUMNS FROM `blog_auth_group` [ RunTime:0.002729s ]
[ sql ] [ SQL ] SELECT COUNT(*) AS tp_count FROM `blog_auth_group` LIMIT 1 [ RunTime:0.000523s ]
[ sql ] [ SQL ] SELECT * FROM `blog_auth_group` ORDER BY id desc LIMIT 0,10 [ RunTime:0.001267s ]
---------------------------------------------------------------
[ 2019-04-08T21:42:46+08:00 ] 127.0.0.1 127.0.0.1 GET /admin/group/add.html
[ info ] www.mytp5_blog.com/admin/group/add.html [运行时间：0.161191s][吞吐率：6.20req/s] [内存消耗：660.21kb] [文件加载：63]
[ info ] [ LANG ] E:\wamp64\www\tp5_blog\thinkphp\lang\zh-cn.php
[ info ] [ ROUTE ] array (
  'type' => 'module',
  'module' => 
  array (
    0 => 'admin',
    1 => 'group',
    2 => 'add',
  ),
)
[ info ] [ HEADER ] array (
  'host' => 'www.mytp5_blog.com',
  'connection' => 'keep-alive',
  'upgrade-insecure-requests' => '1',
  'user-agent' => 'Mozilla/5.0 (Windows NT 10.0; Win64; x64) AppleWebKit/537.36 (KHTML, like Gecko) Chrome/72.0.3626.121 Safari/537.36',
  'accept' => 'text/html,application/xhtml+xml,application/xml;q=0.9,image/webp,image/apng,*/*;q=0.8',
  'referer' => 'http://www.mytp5_blog.com/admin/group/index.html',
  'accept-encoding' => 'gzip, deflate',
  'accept-language' => 'zh-CN,zh;q=0.9',
  'cookie' => 'thinkphp_show_page_trace=0|0; thinkphp_show_page_trace=0|0; PHPSESSID=8o65srunqsvk8fp375cmd1lncj',
)
[ info ] [ PARAM ] array (
)
[ info ] [ SESSION ] INIT array (
  'id' => '',
  'var_session_id' => '',
  'prefix' => 'think',
  'type' => '',
  'auto_start' => true,
)
[ info ] [ DB ] INIT mysql
[ info ] [ RUN ] app\admin\controller\Group->add[ E:\wamp64\www\tp5_blog\application\admin\controller\Group.php ]
[ info ] [ VIEW ] E:\wamp64\www\tp5_blog\public/../application/admin\view\group\add.html [ array (
  0 => 'rules',
) ]
[ info ] [ LOG ] INIT File
[ sql ] [ DB ] CONNECT:[ UseTime:0.002005s ] mysql:host=localhost;port=3306;dbname=blog_tp5;charset=utf8
[ sql ] [ SQL ] SHOW COLUMNS FROM `blog_auth_rule` [ RunTime:0.006556s ]
[ sql ] [ SQL ] SELECT * FROM `blog_auth_rule` [ RunTime:0.000565s ]
---------------------------------------------------------------
[ 2019-04-08T21:42:48+08:00 ] 127.0.0.1 127.0.0.1 GET /admin/group/index.html
[ info ] www.mytp5_blog.com/admin/group/index.html [运行时间：0.044408s][吞吐率：22.52req/s] [内存消耗：619.38kb] [文件加载：64]
[ info ] [ LANG ] E:\wamp64\www\tp5_blog\thinkphp\lang\zh-cn.php
[ info ] [ ROUTE ] array (
  'type' => 'module',
  'module' => 
  array (
    0 => 'admin',
    1 => 'group',
    2 => 'index',
  ),
)
[ info ] [ HEADER ] array (
  'host' => 'www.mytp5_blog.com',
  'connection' => 'keep-alive',
  'upgrade-insecure-requests' => '1',
  'user-agent' => 'Mozilla/5.0 (Windows NT 10.0; Win64; x64) AppleWebKit/537.36 (KHTML, like Gecko) Chrome/72.0.3626.121 Safari/537.36',
  'accept' => 'text/html,application/xhtml+xml,application/xml;q=0.9,image/webp,image/apng,*/*;q=0.8',
  'referer' => 'http://www.mytp5_blog.com/admin/group/add.html',
  'accept-encoding' => 'gzip, deflate',
  'accept-language' => 'zh-CN,zh;q=0.9',
  'cookie' => 'thinkphp_show_page_trace=0|0; thinkphp_show_page_trace=0|0; PHPSESSID=8o65srunqsvk8fp375cmd1lncj',
)
[ info ] [ PARAM ] array (
)
[ info ] [ SESSION ] INIT array (
  'id' => '',
  'var_session_id' => '',
  'prefix' => 'think',
  'type' => '',
  'auto_start' => true,
)
[ info ] [ RUN ] app\admin\controller\Group->index[ E:\wamp64\www\tp5_blog\application\admin\controller\Group.php ]
[ info ] [ DB ] INIT mysql
[ info ] [ VIEW ] E:\wamp64\www\tp5_blog\public/../application/admin\view\group\index.html [ array (
  0 => 'field',
) ]
[ info ] [ LOG ] INIT File
[ sql ] [ DB ] CONNECT:[ UseTime:0.001417s ] mysql:host=localhost;port=3306;dbname=blog_tp5;charset=utf8
[ sql ] [ SQL ] SHOW COLUMNS FROM `blog_auth_group` [ RunTime:0.003653s ]
[ sql ] [ SQL ] SELECT COUNT(*) AS tp_count FROM `blog_auth_group` LIMIT 1 [ RunTime:0.000616s ]
[ sql ] [ SQL ] SELECT * FROM `blog_auth_group` ORDER BY id desc LIMIT 0,10 [ RunTime:0.001138s ]
---------------------------------------------------------------
[ 2019-04-08T21:42:59+08:00 ] 127.0.0.1 127.0.0.1 GET /admin/group/edit/id/3.html
[ info ] www.mytp5_blog.com/admin/group/edit/id/3.html [运行时间：0.146157s][吞吐率：6.84req/s] [内存消耗：672.47kb] [文件加载：64]
[ info ] [ LANG ] E:\wamp64\www\tp5_blog\thinkphp\lang\zh-cn.php
[ info ] [ ROUTE ] array (
  'type' => 'module',
  'module' => 
  array (
    0 => 'admin',
    1 => 'group',
    2 => 'edit',
  ),
)
[ info ] [ HEADER ] array (
  'host' => 'www.mytp5_blog.com',
  'connection' => 'keep-alive',
  'upgrade-insecure-requests' => '1',
  'user-agent' => 'Mozilla/5.0 (Windows NT 10.0; Win64; x64) AppleWebKit/537.36 (KHTML, like Gecko) Chrome/72.0.3626.121 Safari/537.36',
  'accept' => 'text/html,application/xhtml+xml,application/xml;q=0.9,image/webp,image/apng,*/*;q=0.8',
  'referer' => 'http://www.mytp5_blog.com/admin/group/index.html',
  'accept-encoding' => 'gzip, deflate',
  'accept-language' => 'zh-CN,zh;q=0.9',
  'cookie' => 'thinkphp_show_page_trace=0|0; thinkphp_show_page_trace=0|0; PHPSESSID=8o65srunqsvk8fp375cmd1lncj',
)
[ info ] [ PARAM ] array (
  'id' => '3',
)
[ info ] [ SESSION ] INIT array (
  'id' => '',
  'var_session_id' => '',
  'prefix' => 'think',
  'type' => '',
  'auto_start' => true,
)
[ info ] [ DB ] INIT mysql
[ info ] [ RUN ] app\admin\controller\Group->edit[ E:\wamp64\www\tp5_blog\application\admin\controller\Group.php ]
[ info ] [ VIEW ] E:\wamp64\www\tp5_blog\public/../application/admin\view\group\edit.html [ array (
  0 => 'rules',
  1 => 'oldData',
) ]
[ info ] [ LOG ] INIT File
[ sql ] [ DB ] CONNECT:[ UseTime:0.002848s ] mysql:host=localhost;port=3306;dbname=blog_tp5;charset=utf8
[ sql ] [ SQL ] SHOW COLUMNS FROM `blog_auth_rule` [ RunTime:0.003144s ]
[ sql ] [ SQL ] SELECT * FROM `blog_auth_rule` [ RunTime:0.000460s ]
[ sql ] [ SQL ] SHOW COLUMNS FROM `blog_auth_group` [ RunTime:0.001697s ]
[ sql ] [ SQL ] SELECT * FROM `blog_auth_group` WHERE  `id` = 3 LIMIT 1 [ RunTime:0.005372s ]
